Log file open, 04/14/19 12:54:38
LogWindows: Failed to load 'aqProf.dll' (GetLastError=126)
LogWindows: File 'aqProf.dll' does not exist
LogWindows: Failed to load 'VtuneApi.dll' (GetLastError=126)
LogWindows: File 'VtuneApi.dll' does not exist
LogWindows: Failed to load 'VtuneApi32e.dll' (GetLastError=126)
LogWindows: File 'VtuneApi32e.dll' does not exist
LogConsoleResponse: Display: Failed to find resolution value strings in scalability ini. Falling back to default.
LogInit: Display: Running engine for game: BuildingEscape
LogPakFile: Registered encryption key '00000000000000000000000000000000': 0 pak files mounted, 0 remain pending
LogPlatformFile: Not using cached read wrapper
LogTaskGraph: Started task graph with 5 named threads and 14 total threads with 3 sets of task threads.
LogStats: Stats thread started at 0.180478
LogD3D11RHI: Loaded GFSDK_Aftermath_Lib.x64.dll
LogWindows: Failed to load '../../../Engine/Binaries/ThirdParty/libsndfile/Win64/libsndfile-1.dll' (GetLastError=126)
LogWindows: File '../../../Engine/Binaries/ThirdParty/libsndfile/Win64/libsndfile-1.dll' does not exist
LogAudioMixer: Display: Failed to load Sound File dll
LogAudioEditor: Display: LibSoundFile failed to load. Importing audio will not work correctly.
LogICUInternationalization: ICU TimeZone Detection - Raw Offset: -5:00, Platform Override: ''
LogPluginManager: Mounting plugin Paper2D
LogPluginManager: Mounting plugin AISupport
LogPluginManager: Mounting plugin LightPropagationVolume
LogPluginManager: Mounting plugin ActorLayerUtilities
LogPluginManager: Mounting plugin AnimationSharing
LogPluginManager: Mounting plugin CLionSourceCodeAccess
LogPluginManager: Mounting plugin CodeLiteSourceCodeAccess
LogPluginManager: Mounting plugin GitSourceControl
LogPluginManager: Mounting plugin KDevelopSourceCodeAccess
LogPluginManager: Mounting plugin NullSourceCodeAccess
LogPluginManager: Mounting plugin PerforceSourceControl
LogPluginManager: Mounting plugin SubversionSourceControl
LogPluginManager: Mounting plugin UObjectPlugin
LogPluginManager: Mounting plugin VisualStudioCodeSourceCodeAccess
LogPluginManager: Mounting plugin VisualStudioSourceCodeAccess
LogPluginManager: Mounting plugin XCodeSourceCodeAccess
LogPluginManager: Mounting plugin AssetManagerEditor
LogPluginManager: Mounting plugin CryptoKeys
LogPluginManager: Mounting plugin DataValidation
LogPluginManager: Mounting plugin FacialAnimation
LogPluginManager: Mounting plugin GameplayTagsEditor
LogPluginManager: Mounting plugin MacGraphicsSwitching
LogPluginManager: Mounting plugin MaterialAnalyzer
LogPluginManager: Mounting plugin MobileLauncherProfileWizard
LogPluginManager: Mounting plugin PluginBrowser
LogPluginManager: Mounting plugin SpeedTreeImporter
LogPluginManager: Mounting plugin DatasmithContent
LogPluginManager: Mounting plugin VariantManagerContent
LogPluginManager: Mounting plugin AlembicImporter
LogPluginManager: Mounting plugin AppleImageUtils
LogPluginManager: Mounting plugin AppleVision
LogPluginManager: Mounting plugin BackChannel
LogPluginManager: Mounting plugin CharacterAI
LogPluginManager: Mounting plugin GeometryCache
LogPluginManager: Mounting plugin HTML5Networking
LogPluginManager: Mounting plugin ProxyLODPlugin
LogPluginManager: Mounting plugin SkeletalReduction
LogPluginManager: Mounting plugin MagicLeap
LogPluginManager: Mounting plugin MagicLeapMedia
LogPluginManager: Mounting plugin AndroidMedia
LogPluginManager: Mounting plugin AvfMedia
LogPluginManager: Mounting plugin ImgMedia
LogPluginManager: Mounting plugin LinearTimecode
LogPluginManager: Mounting plugin MediaCompositing
LogPluginManager: Mounting plugin MediaPlayerEditor
LogPluginManager: Mounting plugin WebMMedia
LogPluginManager: Mounting plugin WmfMedia
LogPluginManager: Mounting plugin TcpMessaging
LogPluginManager: Mounting plugin UdpMessaging
LogPluginManager: Mounting plugin ActorSequence
LogPluginManager: Mounting plugin LevelSequenceEditor
LogPluginManager: Mounting plugin MatineeToLevelSequence
LogPluginManager: Mounting plugin NetcodeUnitTest
LogPluginManager: Mounting plugin NUTUnrealEngine4
LogPluginManager: Mounting plugin OnlineSubsystemGooglePlay
LogPluginManager: Mounting plugin OnlineSubsystemIOS
LogPluginManager: Mounting plugin OnlineSubsystem
LogPluginManager: Mounting plugin OnlineSubsystemNull
LogPluginManager: Mounting plugin OnlineSubsystemUtils
LogPluginManager: Mounting plugin LauncherChunkInstaller
LogPluginManager: Mounting plugin AndroidDeviceProfileSelector
LogPluginManager: Mounting plugin AndroidMoviePlayer
LogPluginManager: Mounting plugin AndroidPermission
LogPluginManager: Mounting plugin AppleMoviePlayer
LogPluginManager: Mounting plugin ArchVisCharacter
LogPluginManager: Mounting plugin AudioCapture
LogPluginManager: Mounting plugin CableComponent
LogPluginManager: Mounting plugin CustomMeshComponent
LogPluginManager: Mounting plugin EditableMesh
LogPluginManager: Mounting plugin ExampleDeviceProfileSelector
LogPluginManager: Mounting plugin Firebase
LogPluginManager: Mounting plugin GoogleCloudMessaging
LogPluginManager: Mounting plugin IOSDeviceProfileSelector
LogPluginManager: Mounting plugin LinuxDeviceProfileSelector
LogPluginManager: Mounting plugin LocationServicesBPLibrary
LogPluginManager: Mounting plugin MobilePatchingUtils
LogPluginManager: Mounting plugin OculusVR
LogPluginManager: Mounting plugin PhysXVehicles
LogPluginManager: Mounting plugin ProceduralMeshComponent
LogPluginManager: Mounting plugin RuntimePhysXCooking
LogPluginManager: Mounting plugin SignificanceManager
LogPluginManager: Mounting plugin SteamVR
LogPluginManager: Mounting plugin WebMMoviePlayer
LogPluginManager: Mounting plugin WindowsMoviePlayer
LogInit: Using libcurl 7.55.1-DEV
LogInit:  - built for x86_64-pc-win32
LogInit:  - supports SSL with OpenSSL/1.1.1
LogInit:  - supports HTTP deflate (compression) using libz 1.2.8
LogInit:  - other features:
LogInit:      CURL_VERSION_SSL
LogInit:      CURL_VERSION_LIBZ
LogInit:      CURL_VERSION_IPV6
LogInit:      CURL_VERSION_ASYNCHDNS
LogInit:      CURL_VERSION_LARGEFILE
LogInit:      CURL_VERSION_IDN
LogInit:  CurlRequestOptions (configurable via config and command line):
LogInit:  - bVerifyPeer = true  - Libcurl will verify peer certificate
LogInit:  - bUseHttpProxy = false  - Libcurl will NOT use HTTP proxy
LogInit:  - bDontReuseConnections = false  - Libcurl will reuse connections
LogInit:  - MaxHostConnections = 16  - Libcurl will limit the number of connections to a host
LogInit:  - LocalHostAddr = Default
LogInit:  - BufferSize = 65536
LogInit: WinSock: version 1.1 (2.2), MaxSocks=32767, MaxUdp=65467
LogInit: Build: ++UE4+Release-4.22-CL-5660361
LogInit: Engine Version: 4.22.0-5660361+++UE4+Release-4.22
LogInit: Compatible Engine Version: 4.22.0-5660361+++UE4+Release-4.22
LogInit: Net CL: 5660361
LogInit: OS: Windows 10 (Release 1803) (), CPU: Intel(R) Core(TM) i5-6600K CPU @ 3.50GHz, GPU: NVIDIA GeForce GTX 970
LogInit: Compiled (64-bit): Mar 31 2019 02:05:09
LogInit: Compiled with Visual C++: 19.16.27025.01
LogInit: Build Configuration: Development
LogInit: Branch Name: ++UE4+Release-4.22
LogInit: Command Line: 
LogInit: Base Directory: D:/program files d/UE_4.22/Engine/Binaries/Win64/
LogInit: Installed Engine Build: 1
LogDevObjectVersion: Number of dev versions registered: 23
LogDevObjectVersion:   Dev-Blueprints (B0D832E4-1F89-4F0D-ACCF-7EB736FD4AA2): 10
LogDevObjectVersion:   Dev-Build (E1C64328-A22C-4D53-A36C-8E866417BD8C): 0
LogDevObjectVersion:   Dev-Core (375EC13C-06E4-48FB-B500-84F0262A717E): 3
LogDevObjectVersion:   Dev-Editor (E4B068ED-F494-42E9-A231-DA0B2E46BB41): 30
LogDevObjectVersion:   Dev-Framework (CFFC743F-43B0-4480-9391-14DF171D2073): 35
LogDevObjectVersion:   Dev-Mobile (B02B49B5-BB20-44E9-A304-32B752E40360): 2
LogDevObjectVersion:   Dev-Networking (A4E4105C-59A1-49B5-A7C5-40C4547EDFEE): 0
LogDevObjectVersion:   Dev-Online (39C831C9-5AE6-47DC-9A44-9C173E1C8E7C): 0
LogDevObjectVersion:   Dev-Physics (78F01B33-EBEA-4F98-B9B4-84EACCB95AA2): 0
LogDevObjectVersion:   Dev-Platform (6631380F-2D4D-43E0-8009-CF276956A95A): 0
LogDevObjectVersion:   Dev-Rendering (12F88B9F-8875-4AFC-A67C-D90C383ABD29): 28
LogDevObjectVersion:   Dev-Sequencer (7B5AE74C-D270-4C10-A958-57980B212A5A): 11
LogDevObjectVersion:   Dev-VR (D7296918-1DD6-4BDD-9DE2-64A83CC13884): 2
LogDevObjectVersion:   Dev-LoadTimes (C2A15278-BFE7-4AFE-6C17-90FF531DF755): 1
LogDevObjectVersion:   Private-Geometry (6EACA3D4-40EC-4CC1-B786-8BED09428FC5): 3
LogDevObjectVersion:   Dev-AnimPhys (29E575DD-E0A3-4627-9D10-D276232CDCEA): 17
LogDevObjectVersion:   Dev-Anim (AF43A65D-7FD3-4947-9873-3E8ED9C1BB05): 2
LogDevObjectVersion:   Dev-ReflectionCapture (6B266CEC-1EC7-4B8F-A30B-E4D90942FC07): 1
LogDevObjectVersion:   Dev-Automation (0DF73D61-A23F-47EA-B727-89E90C41499A): 1
LogDevObjectVersion:   FortniteMain (601D1886-AC64-4F84-AA16-D3DE0DEAC7D6): 25
LogDevObjectVersion:   Dev-Enterprise (9DFFBCD6-494F-0158-E221-12823C92A888): 6
LogDevObjectVersion:   Dev-Niagara (F2AED0AC-9AFE-416F-8664-AA7FFA26D6FC): 1
LogDevObjectVersion:   Dev-Destruction (174F1F0B-B4C6-45A5-B13F-2EE8D0FB917D): 2
LogInit: Presizing for max 16777216 objects, including 0 objects not considered by GC, pre-allocating 0 bytes for permanent pool.
LogInit: Object subsystem initialized
LogConfig: Setting CVar [[con.DebugEarlyDefault:1]]
LogConfig: Setting CVar [[r.setres:1280x720]]
[2019.04.14-16.54.40:129][  0]LogConfig: Setting CVar [[r.VSync:0]]
[2019.04.14-16.54.40:129][  0]LogConfig: Setting CVar [[r.RHICmdBypass:0]]
[2019.04.14-16.54.40:129][  0]LogConfig: Applying CVar settings from Section [/Script/Engine.RendererSettings] File [D:/GITHUB/Udemy_Unreal/4. Building Escape/BuildingEscape/Saved/Config/Windows/Engine.ini]
[2019.04.14-16.54.40:129][  0]LogConfig: Setting CVar [[r.GPUCrashDebugging:0]]
[2019.04.14-16.54.40:129][  0]LogConfig: Setting CVar [[r.DefaultFeature.AutoExposure.ExtendDefaultLuminanceRange:1]]
[2019.04.14-16.54.40:129][  0]LogConfig: Applying CVar settings from Section [/Script/Engine.RendererOverrideSettings] File [D:/GITHUB/Udemy_Unreal/4. Building Escape/BuildingEscape/Saved/Config/Windows/Engine.ini]
[2019.04.14-16.54.40:129][  0]LogConfig: Applying CVar settings from Section [/Script/Engine.StreamingSettings] File [D:/GITHUB/Udemy_Unreal/4. Building Escape/BuildingEscape/Saved/Config/Windows/Engine.ini]
[2019.04.14-16.54.40:129][  0]LogConfig: Setting CVar [[s.MinBulkDataSizeForAsyncLoading:131072]]
[2019.04.14-16.54.40:129][  0]LogConfig: Setting CVar [[s.AsyncLoadingThreadEnabled:0]]
[2019.04.14-16.54.40:129][  0]LogConfig: Setting CVar [[s.EventDrivenLoaderEnabled:1]]
[2019.04.14-16.54.40:129][  0]LogConfig: Setting CVar [[s.WarnIfTimeLimitExceeded:0]]
[2019.04.14-16.54.40:129][  0]LogConfig: Setting CVar [[s.TimeLimitExceededMultiplier:1.5]]
[2019.04.14-16.54.40:130][  0]LogConfig: Setting CVar [[s.TimeLimitExceededMinTime:0.005]]
[2019.04.14-16.54.40:130][  0]LogConfig: Setting CVar [[s.UseBackgroundLevelStreaming:1]]
[2019.04.14-16.54.40:130][  0]LogConfig: Setting CVar [[s.PriorityAsyncLoadingExtraTime:15.0]]
[2019.04.14-16.54.40:130][  0]LogConfig: Setting CVar [[s.LevelStreamingActorsUpdateTimeLimit:5.0]]
[2019.04.14-16.54.40:130][  0]LogConfig: Setting CVar [[s.PriorityLevelStreamingActorsUpdateExtraTime:5.0]]
[2019.04.14-16.54.40:130][  0]LogConfig: Setting CVar [[s.LevelStreamingComponentsRegistrationGranularity:10]]
[2019.04.14-16.54.40:130][  0]LogConfig: Setting CVar [[s.UnregisterComponentsTimeLimit:1.0]]
[2019.04.14-16.54.40:130][  0]LogConfig: Setting CVar [[s.LevelStreamingComponentsUnregistrationGranularity:5]]
[2019.04.14-16.54.40:130][  0]LogConfig: Applying CVar settings from Section [/Script/Engine.GarbageCollectionSettings] File [D:/GITHUB/Udemy_Unreal/4. Building Escape/BuildingEscape/Saved/Config/Windows/Engine.ini]
[2019.04.14-16.54.40:130][  0]LogConfig: Setting CVar [[gc.MaxObjectsNotConsideredByGC:1]]
[2019.04.14-16.54.40:130][  0]LogConfig: Setting CVar [[gc.SizeOfPermanentObjectPool:0]]
[2019.04.14-16.54.40:130][  0]LogConfig: Setting CVar [[gc.FlushStreamingOnGC:0]]
[2019.04.14-16.54.40:130][  0]LogConfig: Setting CVar [[gc.NumRetriesBeforeForcingGC:10]]
[2019.04.14-16.54.40:130][  0]LogConfig: Setting CVar [[gc.AllowParallelGC:1]]
[2019.04.14-16.54.40:130][  0]LogConfig: Setting CVar [[gc.TimeBetweenPurgingPendingKillObjects:61.1]]
[2019.04.14-16.54.40:130][  0]LogConfig: Setting CVar [[gc.MaxObjectsInEditor:16777216]]
[2019.04.14-16.54.40:130][  0]LogConfig: Setting CVar [[gc.IncrementalBeginDestroyEnabled:1]]
[2019.04.14-16.54.40:130][  0]LogConfig: Setting CVar [[gc.CreateGCClusters:1]]
[2019.04.14-16.54.40:130][  0]LogConfig: Setting CVar [[gc.MinGCClusterSize:5]]
[2019.04.14-16.54.40:130][  0]LogConfig: Setting CVar [[gc.ActorClusteringEnabled:0]]
[2019.04.14-16.54.40:130][  0]LogConfig: Setting CVar [[gc.BlueprintClusteringEnabled:0]]
[2019.04.14-16.54.40:130][  0]LogConfig: Setting CVar [[gc.UseDisregardForGCOnDedicatedServers:0]]
[2019.04.14-16.54.40:130][  0]LogConfig: Applying CVar settings from Section [/Script/Engine.NetworkSettings] File [D:/GITHUB/Udemy_Unreal/4. Building Escape/BuildingEscape/Saved/Config/Windows/Engine.ini]
[2019.04.14-16.54.40:130][  0]LogConfig: Applying CVar settings from Section [/Script/UnrealEd.CookerSettings] File [D:/GITHUB/Udemy_Unreal/4. Building Escape/BuildingEscape/Saved/Config/Windows/Engine.ini]
[2019.04.14-16.54.40:147][  0]LogConfig: Applying CVar settings from Section [ViewDistanceQuality@3] File [D:/GITHUB/Udemy_Unreal/4. Building Escape/BuildingEscape/Saved/Config/Windows/Scalability.ini]
[2019.04.14-16.54.40:147][  0]LogConfig: Setting CVar [[r.SkeletalMeshLODBias:0]]
[2019.04.14-16.54.40:147][  0]LogConfig: Setting CVar [[r.ViewDistanceScale:1.0]]
[2019.04.14-16.54.40:147][  0]LogConfig: Applying CVar settings from Section [AntiAliasingQuality@3] File [D:/GITHUB/Udemy_Unreal/4. Building Escape/BuildingEscape/Saved/Config/Windows/Scalability.ini]
[2019.04.14-16.54.40:147][  0]LogConfig: Setting CVar [[r.PostProcessAAQuality:4]]
[2019.04.14-16.54.40:147][  0]LogConfig: Applying CVar settings from Section [ShadowQuality@3] File [D:/GITHUB/Udemy_Unreal/4. Building Escape/BuildingEscape/Saved/Config/Windows/Scalability.ini]
[2019.04.14-16.54.40:147][  0]LogConfig: Setting CVar [[r.LightFunctionQuality:1]]
[2019.04.14-16.54.40:147][  0]LogConfig: Setting CVar [[r.ShadowQuality:5]]
[2019.04.14-16.54.40:147][  0]LogConfig: Setting CVar [[r.Shadow.CSM.MaxCascades:10]]
[2019.04.14-16.54.40:148][  0]LogConfig: Setting CVar [[r.Shadow.MaxResolution:2048]]
[2019.04.14-16.54.40:148][  0]LogConfig: Setting CVar [[r.Shadow.MaxCSMResolution:2048]]
[2019.04.14-16.54.40:148][  0]LogConfig: Setting CVar [[r.Shadow.RadiusThreshold:0.01]]
[2019.04.14-16.54.40:148][  0]LogConfig: Setting CVar [[r.Shadow.DistanceScale:1.0]]
[2019.04.14-16.54.40:148][  0]LogConfig: Setting CVar [[r.Shadow.CSM.TransitionScale:1.0]]
[2019.04.14-16.54.40:148][  0]LogConfig: Setting CVar [[r.Shadow.PreShadowResolutionFactor:1.0]]
[2019.04.14-16.54.40:148][  0]LogConfig: Setting CVar [[r.DistanceFieldShadowing:1]]
[2019.04.14-16.54.40:148][  0]LogConfig: Setting CVar [[r.DistanceFieldAO:1]]
[2019.04.14-16.54.40:148][  0]LogConfig: Setting CVar [[r.AOQuality:2]]
[2019.04.14-16.54.40:148][  0]LogConfig: Setting CVar [[r.VolumetricFog:1]]
[2019.04.14-16.54.40:148][  0]LogConfig: Setting CVar [[r.VolumetricFog.GridPixelSize:8]]
[2019.04.14-16.54.40:148][  0]LogConfig: Setting CVar [[r.VolumetricFog.GridSizeZ:128]]
[2019.04.14-16.54.40:148][  0]LogConfig: Setting CVar [[r.VolumetricFog.HistoryMissSupersampleCount:4]]
[2019.04.14-16.54.40:148][  0]LogConfig: Setting CVar [[r.LightMaxDrawDistanceScale:1]]
[2019.04.14-16.54.40:148][  0]LogConfig: Setting CVar [[r.CapsuleShadows:1]]
[2019.04.14-16.54.40:148][  0]LogConfig: Applying CVar settings from Section [PostProcessQuality@3] File [D:/GITHUB/Udemy_Unreal/4. Building Escape/BuildingEscape/Saved/Config/Windows/Scalability.ini]
[2019.04.14-16.54.40:148][  0]LogConfig: Setting CVar [[r.MotionBlurQuality:4]]
[2019.04.14-16.54.40:148][  0]LogConfig: Setting CVar [[r.AmbientOcclusionMipLevelFactor:0.4]]
[2019.04.14-16.54.40:148][  0]LogConfig: Setting CVar [[r.AmbientOcclusionMaxQuality:100]]
[2019.04.14-16.54.40:148][  0]LogConfig: Setting CVar [[r.AmbientOcclusionLevels:-1]]
[2019.04.14-16.54.40:148][  0]LogConfig: Setting CVar [[r.AmbientOcclusionRadiusScale:1.0]]
[2019.04.14-16.54.40:148][  0]LogConfig: Setting CVar [[r.DepthOfFieldQuality:2]]
[2019.04.14-16.54.40:148][  0]LogConfig: Setting CVar [[r.RenderTargetPoolMin:400]]
[2019.04.14-16.54.40:148][  0]LogConfig: Setting CVar [[r.LensFlareQuality:2]]
[2019.04.14-16.54.40:148][  0]LogConfig: Setting CVar [[r.SceneColorFringeQuality:1]]
[2019.04.14-16.54.40:148][  0]LogConfig: Setting CVar [[r.EyeAdaptationQuality:2]]
[2019.04.14-16.54.40:148][  0]LogConfig: Setting CVar [[r.BloomQuality:5]]
[2019.04.14-16.54.40:148][  0]LogConfig: Setting CVar [[r.FastBlurThreshold:100]]
[2019.04.14-16.54.40:148][  0]LogConfig: Setting CVar [[r.Upscale.Quality:3]]
[2019.04.14-16.54.40:148][  0]LogConfig: Setting CVar [[r.Tonemapper.GrainQuantization:1]]
[2019.04.14-16.54.40:148][  0]LogConfig: Setting CVar [[r.LightShaftQuality:1]]
[2019.04.14-16.54.40:148][  0]LogConfig: Setting CVar [[r.Filter.SizeScale:1]]
[2019.04.14-16.54.40:148][  0]LogConfig: Setting CVar [[r.Tonemapper.Quality:5]]
[2019.04.14-16.54.40:148][  0]LogConfig: Setting CVar [[r.DOF.Gather.AccumulatorQuality:1        ; higher gathering accumulator quality]]
[2019.04.14-16.54.40:148][  0]LogConfig: Setting CVar [[r.DOF.Gather.PostfilterMethod:1          ; Median3x3 postfilering method]]
[2019.04.14-16.54.40:148][  0]LogConfig: Setting CVar [[r.DOF.Gather.EnableBokehSettings:0       ; no bokeh simulation when gathering]]
[2019.04.14-16.54.40:148][  0]LogConfig: Setting CVar [[r.DOF.Gather.RingCount:4                 ; medium number of samples when gathering]]
[2019.04.14-16.54.40:148][  0]LogConfig: Setting CVar [[r.DOF.Scatter.ForegroundCompositing:1    ; additive foreground scattering]]
[2019.04.14-16.54.40:148][  0]LogConfig: Setting CVar [[r.DOF.Scatter.BackgroundCompositing:2    ; additive background scattering]]
[2019.04.14-16.54.40:148][  0]LogConfig: Setting CVar [[r.DOF.Scatter.EnableBokehSettings:1      ; bokeh simulation when scattering]]
[2019.04.14-16.54.40:148][  0]LogConfig: Setting CVar [[r.DOF.Scatter.MaxSpriteRatio:0.1         ; only a maximum of 10% of scattered bokeh]]
[2019.04.14-16.54.40:148][  0]LogConfig: Setting CVar [[r.DOF.Recombine.Quality:1                ; cheap slight out of focus]]
[2019.04.14-16.54.40:148][  0]LogConfig: Setting CVar [[r.DOF.Recombine.EnableBokehSettings:0    ; no bokeh simulation on slight out of focus]]
[2019.04.14-16.54.40:148][  0]LogConfig: Setting CVar [[r.DOF.TemporalAAQuality:1                ; more stable temporal accumulation]]
[2019.04.14-16.54.40:148][  0]LogConfig: Setting CVar [[r.DOF.Kernel.MaxForegroundRadius:0.025]]
[2019.04.14-16.54.40:148][  0]LogConfig: Setting CVar [[r.DOF.Kernel.MaxBackgroundRadius:0.025]]
[2019.04.14-16.54.40:148][  0]LogConfig: Applying CVar settings from Section [TextureQuality@3] File [D:/GITHUB/Udemy_Unreal/4. Building Escape/BuildingEscape/Saved/Config/Windows/Scalability.ini]
[2019.04.14-16.54.40:148][  0]LogConfig: Setting CVar [[r.Streaming.MipBias:0]]
[2019.04.14-16.54.40:148][  0]LogConfig: Setting CVar [[r.Streaming.AmortizeCPUToGPUCopy:0]]
[2019.04.14-16.54.40:148][  0]LogConfig: Setting CVar [[r.Streaming.MaxNumTexturesToStreamPerFrame:0]]
[2019.04.14-16.54.40:148][  0]LogConfig: Setting CVar [[r.Streaming.Boost:1]]
[2019.04.14-16.54.40:148][  0]LogConfig: Setting CVar [[r.MaxAnisotropy:8]]
[2019.04.14-16.54.40:148][  0]LogConfig: Setting CVar [[r.Streaming.LimitPoolSizeToVRAM:0]]
[2019.04.14-16.54.40:148][  0]LogConfig: Setting CVar [[r.Streaming.PoolSize:1000]]
[2019.04.14-16.54.40:148][  0]LogConfig: Setting CVar [[r.Streaming.MaxEffectiveScreenSize:0]]
[2019.04.14-16.54.40:148][  0]LogConfig: Applying CVar settings from Section [EffectsQuality@3] File [D:/GITHUB/Udemy_Unreal/4. Building Escape/BuildingEscape/Saved/Config/Windows/Scalability.ini]
[2019.04.14-16.54.40:148][  0]LogConfig: Setting CVar [[r.TranslucencyLightingVolumeDim:64]]
[2019.04.14-16.54.40:148][  0]LogConfig: Setting CVar [[r.RefractionQuality:2]]
[2019.04.14-16.54.40:148][  0]LogConfig: Setting CVar [[r.SSR.Quality:3]]
[2019.04.14-16.54.40:148][  0]LogConfig: Setting CVar [[r.SceneColorFormat:4]]
[2019.04.14-16.54.40:148][  0]LogConfig: Setting CVar [[r.DetailMode:2]]
[2019.04.14-16.54.40:148][  0]LogConfig: Setting CVar [[r.TranslucencyVolumeBlur:1]]
[2019.04.14-16.54.40:148][  0]LogConfig: Setting CVar [[r.MaterialQualityLevel:1 ; High quality]]
[2019.04.14-16.54.40:148][  0]LogConfig: Setting CVar [[r.SSS.Scale:1]]
[2019.04.14-16.54.40:148][  0]LogConfig: Setting CVar [[r.SSS.SampleSet:2]]
[2019.04.14-16.54.40:148][  0]LogConfig: Setting CVar [[r.SSS.Quality:1]]
[2019.04.14-16.54.40:148][  0]LogConfig: Setting CVar [[r.SSS.HalfRes:1]]
[2019.04.14-16.54.40:148][  0]LogConfig: Setting CVar [[r.EmitterSpawnRateScale:1.0]]
[2019.04.14-16.54.40:148][  0]LogConfig: Setting CVar [[r.ParticleLightQuality:2]]
[2019.04.14-16.54.40:148][  0]LogConfig: Applying CVar settings from Section [FoliageQuality@3] File [D:/GITHUB/Udemy_Unreal/4. Building Escape/BuildingEscape/Saved/Config/Windows/Scalability.ini]
[2019.04.14-16.54.40:148][  0]LogConfig: Setting CVar [[foliage.DensityScale:1.0]]
[2019.04.14-16.54.40:148][  0]LogConfig: Setting CVar [[grass.DensityScale:1.0]]
[2019.04.14-16.54.40:148][  0]LogInit: Selected Device Profile: [Windows]
[2019.04.14-16.54.40:148][  0]LogInit: Applying CVar settings loaded from the selected device profile: [Windows]
[2019.04.14-16.54.40:196][  0]LogConfig: Warning: Failed to saved backup for config[../../../../../GITHUB/Udemy_Unreal/4. Building Escape/BuildingEscape/Intermediate/Config/CoalescedSourceConfigs/DeviceProfiles.ini]
[2019.04.14-16.54.40:198][  0]LogHAL: Display: Platform has ~ 8 GB [8508182528 / 8589934592 / 8], which maps to Default [LargestMinGB=32, LargerMinGB=12, DefaultMinGB=8, SmallerMinGB=6, SmallestMinGB=0)
[2019.04.14-16.54.40:198][  0]LogConfig: Setting CVar [[r.Vulkan.UseRealUBs:0		; Required until we fix HLR fall-out]]
[2019.04.14-16.54.40:198][  0]LogInit: Going up to parent DeviceProfile []
[2019.04.14-16.54.40:198][  0]LogConfig: Applying CVar settings from Section [ViewDistanceQuality@3] File [D:/GITHUB/Udemy_Unreal/4. Building Escape/BuildingEscape/Saved/Config/Windows/Scalability.ini]
[2019.04.14-16.54.40:198][  0]LogConfig: Setting CVar [[r.SkeletalMeshLODBias:0]]
[2019.04.14-16.54.40:198][  0]LogConfig: Setting CVar [[r.ViewDistanceScale:1.0]]
[2019.04.14-16.54.40:198][  0]LogConfig: Applying CVar settings from Section [AntiAliasingQuality@3] File [D:/GITHUB/Udemy_Unreal/4. Building Escape/BuildingEscape/Saved/Config/Windows/Scalability.ini]
[2019.04.14-16.54.40:198][  0]LogConfig: Setting CVar [[r.PostProcessAAQuality:4]]
[2019.04.14-16.54.40:198][  0]LogConfig: Applying CVar settings from Section [ShadowQuality@3] File [D:/GITHUB/Udemy_Unreal/4. Building Escape/BuildingEscape/Saved/Config/Windows/Scalability.ini]
[2019.04.14-16.54.40:198][  0]LogConfig: Setting CVar [[r.LightFunctionQuality:1]]
[2019.04.14-16.54.40:198][  0]LogConfig: Setting CVar [[r.ShadowQuality:5]]
[2019.04.14-16.54.40:198][  0]LogConfig: Setting CVar [[r.Shadow.CSM.MaxCascades:10]]
[2019.04.14-16.54.40:198][  0]LogConfig: Setting CVar [[r.Shadow.MaxResolution:2048]]
[2019.04.14-16.54.40:198][  0]LogConfig: Setting CVar [[r.Shadow.MaxCSMResolution:2048]]
[2019.04.14-16.54.40:198][  0]LogConfig: Setting CVar [[r.Shadow.RadiusThreshold:0.01]]
[2019.04.14-16.54.40:198][  0]LogConfig: Setting CVar [[r.Shadow.DistanceScale:1.0]]
[2019.04.14-16.54.40:198][  0]LogConfig: Setting CVar [[r.Shadow.CSM.TransitionScale:1.0]]
[2019.04.14-16.54.40:198][  0]LogConfig: Setting CVar [[r.Shadow.PreShadowResolutionFactor:1.0]]
[2019.04.14-16.54.40:198][  0]LogConfig: Setting CVar [[r.DistanceFieldShadowing:1]]
[2019.04.14-16.54.40:198][  0]LogConfig: Setting CVar [[r.DistanceFieldAO:1]]
[2019.04.14-16.54.40:198][  0]LogConfig: Setting CVar [[r.AOQuality:2]]
[2019.04.14-16.54.40:198][  0]LogConfig: Setting CVar [[r.VolumetricFog:1]]
[2019.04.14-16.54.40:198][  0]LogConfig: Setting CVar [[r.VolumetricFog.GridPixelSize:8]]
[2019.04.14-16.54.40:198][  0]LogConfig: Setting CVar [[r.VolumetricFog.GridSizeZ:128]]
[2019.04.14-16.54.40:198][  0]LogConfig: Setting CVar [[r.VolumetricFog.HistoryMissSupersampleCount:4]]
[2019.04.14-16.54.40:198][  0]LogConfig: Setting CVar [[r.LightMaxDrawDistanceScale:1]]
[2019.04.14-16.54.40:198][  0]LogConfig: Setting CVar [[r.CapsuleShadows:1]]
[2019.04.14-16.54.40:198][  0]LogConfig: Applying CVar settings from Section [PostProcessQuality@3] File [D:/GITHUB/Udemy_Unreal/4. Building Escape/BuildingEscape/Saved/Config/Windows/Scalability.ini]
[2019.04.14-16.54.40:198][  0]LogConfig: Setting CVar [[r.MotionBlurQuality:4]]
[2019.04.14-16.54.40:198][  0]LogConfig: Setting CVar [[r.AmbientOcclusionMipLevelFactor:0.4]]
[2019.04.14-16.54.40:198][  0]LogConfig: Setting CVar [[r.AmbientOcclusionMaxQuality:100]]
[2019.04.14-16.54.40:198][  0]LogConfig: Setting CVar [[r.AmbientOcclusionLevels:-1]]
[2019.04.14-16.54.40:198][  0]LogConfig: Setting CVar [[r.AmbientOcclusionRadiusScale:1.0]]
[2019.04.14-16.54.40:198][  0]LogConfig: Setting CVar [[r.DepthOfFieldQuality:2]]
[2019.04.14-16.54.40:198][  0]LogConfig: Setting CVar [[r.RenderTargetPoolMin:400]]
[2019.04.14-16.54.40:198][  0]LogConfig: Setting CVar [[r.LensFlareQuality:2]]
[2019.04.14-16.54.40:198][  0]LogConfig: Setting CVar [[r.SceneColorFringeQuality:1]]
[2019.04.14-16.54.40:198][  0]LogConfig: Setting CVar [[r.EyeAdaptationQuality:2]]
[2019.04.14-16.54.40:198][  0]LogConfig: Setting CVar [[r.BloomQuality:5]]
[2019.04.14-16.54.40:198][  0]LogConfig: Setting CVar [[r.FastBlurThreshold:100]]
[2019.04.14-16.54.40:198][  0]LogConfig: Setting CVar [[r.Upscale.Quality:3]]
[2019.04.14-16.54.40:198][  0]LogConfig: Setting CVar [[r.Tonemapper.GrainQuantization:1]]
[2019.04.14-16.54.40:198][  0]LogConfig: Setting CVar [[r.LightShaftQuality:1]]
[2019.04.14-16.54.40:198][  0]LogConfig: Setting CVar [[r.Filter.SizeScale:1]]
[2019.04.14-16.54.40:198][  0]LogConfig: Setting CVar [[r.Tonemapper.Quality:5]]
[2019.04.14-16.54.40:198][  0]LogConfig: Setting CVar [[r.DOF.Gather.AccumulatorQuality:1        ; higher gathering accumulator quality]]
[2019.04.14-16.54.40:198][  0]LogConfig: Setting CVar [[r.DOF.Gather.PostfilterMethod:1          ; Median3x3 postfilering method]]
[2019.04.14-16.54.40:198][  0]LogConfig: Setting CVar [[r.DOF.Gather.EnableBokehSettings:0       ; no bokeh simulation when gathering]]
[2019.04.14-16.54.40:198][  0]LogConfig: Setting CVar [[r.DOF.Gather.RingCount:4                 ; medium number of samples when gathering]]
[2019.04.14-16.54.40:198][  0]LogConfig: Setting CVar [[r.DOF.Scatter.ForegroundCompositing:1    ; additive foreground scattering]]
[2019.04.14-16.54.40:198][  0]LogConfig: Setting CVar [[r.DOF.Scatter.BackgroundCompositing:2    ; additive background scattering]]
[2019.04.14-16.54.40:198][  0]LogConfig: Setting CVar [[r.DOF.Scatter.EnableBokehSettings:1      ; bokeh simulation when scattering]]
[2019.04.14-16.54.40:198][  0]LogConfig: Setting CVar [[r.DOF.Scatter.MaxSpriteRatio:0.1         ; only a maximum of 10% of scattered bokeh]]
[2019.04.14-16.54.40:198][  0]LogConfig: Setting CVar [[r.DOF.Recombine.Quality:1                ; cheap slight out of focus]]
[2019.04.14-16.54.40:198][  0]LogConfig: Setting CVar [[r.DOF.Recombine.EnableBokehSettings:0    ; no bokeh simulation on slight out of focus]]
[2019.04.14-16.54.40:198][  0]LogConfig: Setting CVar [[r.DOF.TemporalAAQuality:1                ; more stable temporal accumulation]]
[2019.04.14-16.54.40:198][  0]LogConfig: Setting CVar [[r.DOF.Kernel.MaxForegroundRadius:0.025]]
[2019.04.14-16.54.40:198][  0]LogConfig: Setting CVar [[r.DOF.Kernel.MaxBackgroundRadius:0.025]]
[2019.04.14-16.54.40:198][  0]LogConfig: Applying CVar settings from Section [TextureQuality@3] File [D:/GITHUB/Udemy_Unreal/4. Building Escape/BuildingEscape/Saved/Config/Windows/Scalability.ini]
[2019.04.14-16.54.40:198][  0]LogConfig: Setting CVar [[r.Streaming.MipBias:0]]
[2019.04.14-16.54.40:198][  0]LogConfig: Setting CVar [[r.Streaming.AmortizeCPUToGPUCopy:0]]
[2019.04.14-16.54.40:198][  0]LogConfig: Setting CVar [[r.Streaming.MaxNumTexturesToStreamPerFrame:0]]
[2019.04.14-16.54.40:198][  0]LogConfig: Setting CVar [[r.Streaming.Boost:1]]
[2019.04.14-16.54.40:198][  0]LogConfig: Setting CVar [[r.MaxAnisotropy:8]]
[2019.04.14-16.54.40:198][  0]LogConfig: Setting CVar [[r.Streaming.LimitPoolSizeToVRAM:0]]
[2019.04.14-16.54.40:199][  0]LogConfig: Setting CVar [[r.Streaming.PoolSize:1000]]
[2019.04.14-16.54.40:199][  0]LogConfig: Setting CVar [[r.Streaming.MaxEffectiveScreenSize:0]]
[2019.04.14-16.54.40:199][  0]LogConfig: Applying CVar settings from Section [EffectsQuality@3] File [D:/GITHUB/Udemy_Unreal/4. Building Escape/BuildingEscape/Saved/Config/Windows/Scalability.ini]
[2019.04.14-16.54.40:199][  0]LogConfig: Setting CVar [[r.TranslucencyLightingVolumeDim:64]]
[2019.04.14-16.54.40:199][  0]LogConfig: Setting CVar [[r.RefractionQuality:2]]
[2019.04.14-16.54.40:199][  0]LogConfig: Setting CVar [[r.SSR.Quality:3]]
[2019.04.14-16.54.40:199][  0]LogConfig: Setting CVar [[r.SceneColorFormat:4]]
[2019.04.14-16.54.40:199][  0]LogConfig: Setting CVar [[r.DetailMode:2]]
[2019.04.14-16.54.40:199][  0]LogConfig: Setting CVar [[r.TranslucencyVolumeBlur:1]]
[2019.04.14-16.54.40:199][  0]LogConfig: Setting CVar [[r.MaterialQualityLevel:1 ; High quality]]
[2019.04.14-16.54.40:199][  0]LogConfig: Setting CVar [[r.SSS.Scale:1]]
[2019.04.14-16.54.40:199][  0]LogConfig: Setting CVar [[r.SSS.SampleSet:2]]
[2019.04.14-16.54.40:199][  0]LogConfig: Setting CVar [[r.SSS.Quality:1]]
[2019.04.14-16.54.40:199][  0]LogConfig: Setting CVar [[r.SSS.HalfRes:1]]
[2019.04.14-16.54.40:199][  0]LogConfig: Setting CVar [[r.EmitterSpawnRateScale:1.0]]
[2019.04.14-16.54.40:199][  0]LogConfig: Setting CVar [[r.ParticleLightQuality:2]]
[2019.04.14-16.54.40:199][  0]LogConfig: Applying CVar settings from Section [FoliageQuality@3] File [D:/GITHUB/Udemy_Unreal/4. Building Escape/BuildingEscape/Saved/Config/Windows/Scalability.ini]
[2019.04.14-16.54.40:199][  0]LogConfig: Setting CVar [[foliage.DensityScale:1.0]]
[2019.04.14-16.54.40:199][  0]LogConfig: Setting CVar [[grass.DensityScale:1.0]]
[2019.04.14-16.54.40:199][  0]LogConfig: Applying CVar settings from Section [Startup] File [../../../Engine/Config/ConsoleVariables.ini]
[2019.04.14-16.54.40:212][  0]LogConfig: Setting CVar [[net.UseAdaptiveNetUpdateFrequency:0]]
[2019.04.14-16.54.40:212][  0]LogConfig: Setting CVar [[p.chaos.AllowCreatePhysxBodies:1]]
[2019.04.14-16.54.40:212][  0]LogConfig: Applying CVar settings from Section [ConsoleVariables] File [D:/GITHUB/Udemy_Unreal/4. Building Escape/BuildingEscape/Saved/Config/Windows/Engine.ini]
[2019.04.14-16.54.40:212][  0]LogInit: Computer: DESKTOP-4MV61K7
[2019.04.14-16.54.40:212][  0]LogInit: User: Finnx
[2019.04.14-16.54.40:212][  0]LogInit: CPU Page size=4096, Cores=4
[2019.04.14-16.54.40:212][  0]LogInit: High frequency timer resolution =3.421876 MHz
[2019.04.14-16.54.40:212][  0]LogMemory: Memory total: Physical=7.9GB (8GB approx)
[2019.04.14-16.54.40:212][  0]LogMemory: Platform Memory Stats for Windows
[2019.04.14-16.54.40:212][  0]LogMemory: Process Physical Memory: 96.01 MB used, 96.01 MB peak
[2019.04.14-16.54.40:212][  0]LogMemory: Process Virtual Memory: 83.91 MB used, 83.91 MB peak
[2019.04.14-16.54.40:213][  0]LogMemory: Physical Memory: 6393.66 MB used,  1720.38 MB free, 8114.04 MB total
[2019.04.14-16.54.40:213][  0]LogMemory: Virtual Memory: 4640.00 MB used,  134213088.00 MB free, 134217728.00 MB total
[2019.04.14-16.54.40:836][  0]LogInit: Using OS detected language (en-US).
[2019.04.14-16.54.40:836][  0]LogInit: Using OS detected locale (en-US).
[2019.04.14-16.54.40:837][  0]LogTextLocalizationManager: No specific localization for 'en-US' exists, so the 'en' localization will be used.
[2019.04.14-16.54.42:865][  0]LogInit: Setting process to per monitor DPI aware
[2019.04.14-16.54.43:293][  0]LogSlate: New Slate User Created.  User Index 0, Is Virtual User: 0
[2019.04.14-16.54.43:293][  0]LogSlate: Slate User Registered.  User Index 0, Is Virtual User: 0
[2019.04.14-16.54.48:951][  0]LogHMD: Failed to initialize OpenVR with code 110
[2019.04.14-16.54.48:951][  0]LogD3D11RHI: D3D11 adapters:
[2019.04.14-16.54.49:016][  0]LogD3D11RHI:    0. 'NVIDIA GeForce GTX 970' (Feature Level 11_0)
[2019.04.14-16.54.49:016][  0]LogD3D11RHI:       4043/0/4057 MB DedicatedVideo/DedicatedSystem/SharedSystem, Outputs:2, VendorId:0x10de
[2019.04.14-16.54.49:018][  0]LogD3D11RHI:    1. 'Microsoft Basic Render Driver' (Feature Level 11_0)
[2019.04.14-16.54.49:018][  0]LogD3D11RHI:       0/0/4057 MB DedicatedVideo/DedicatedSystem/SharedSystem, Outputs:0, VendorId:0x1414
[2019.04.14-16.54.49:018][  0]LogD3D11RHI: Chosen D3D11 Adapter: 0
[2019.04.14-16.54.49:025][  0]LogD3D11RHI: Creating new Direct3DDevice
[2019.04.14-16.54.49:025][  0]LogD3D11RHI:     GPU DeviceId: 0x13c2 (for the marketing name, search the web for "GPU Device Id")
[2019.04.14-16.54.49:025][  0]LogWindows: EnumDisplayDevices:
[2019.04.14-16.54.49:026][  0]LogWindows:    0. 'NVIDIA GeForce GTX 970' (P:0 D:1)
[2019.04.14-16.54.49:026][  0]LogWindows:    1. 'NVIDIA GeForce GTX 970' (P:1 D:1)
[2019.04.14-16.54.49:026][  0]LogWindows:    2. 'NVIDIA GeForce GTX 970' (P:0 D:0)
[2019.04.14-16.54.49:026][  0]LogWindows:    3. 'NVIDIA GeForce GTX 970' (P:0 D:0)
[2019.04.14-16.54.49:026][  0]LogWindows: DebugString: FoundDriverCount:4 
[2019.04.14-16.54.49:026][  0]LogD3D11RHI:     Adapter Name: NVIDIA GeForce GTX 970
[2019.04.14-16.54.49:026][  0]LogD3D11RHI:   Driver Version: 399.24 (internal:24.21.13.9924, unified:399.24)
[2019.04.14-16.54.49:026][  0]LogD3D11RHI:      Driver Date: 9-5-2018
[2019.04.14-16.54.49:026][  0]LogRHI: Texture pool is 2830 MB (70% of 4043 MB)
[2019.04.14-16.54.49:062][  0]LogD3D11RHI: Async texture creation enabled
[2019.04.14-16.54.49:071][  0]LogRendererCore: FGlobalReadBuffer::InitRHI
[2019.04.14-16.54.49:071][  0]LogRendererCore: FGlobalReadBuffer::InitRHI
[2019.04.14-16.54.49:071][  0]LogRendererCore: FGlobalReadBuffer::InitRHI
[2019.04.14-16.54.49:085][  0]LogD3D11RHI: GPU Timing Frequency: 1000.000000 (Debug: 2 2)
[2019.04.14-16.54.49:783][  0]LogTemp: Display: Module 'AllDesktopTargetPlatform' loaded TargetPlatform 'AllDesktop'
[2019.04.14-16.54.49:796][  0]LogTemp: Display: Module 'MacClientTargetPlatform' loaded TargetPlatform 'MacClient'
[2019.04.14-16.54.49:809][  0]LogTemp: Display: Module 'MacNoEditorTargetPlatform' loaded TargetPlatform 'MacNoEditor'
[2019.04.14-16.54.49:823][  0]LogTemp: Display: Module 'MacServerTargetPlatform' loaded TargetPlatform 'MacServer'
[2019.04.14-16.54.49:863][  0]LogTemp: Display: Module 'MacTargetPlatform' loaded TargetPlatform 'Mac'
[2019.04.14-16.54.49:890][  0]LogTemp: Display: Module 'WindowsClientTargetPlatform' loaded TargetPlatform 'WindowsClient'
[2019.04.14-16.54.49:903][  0]LogTemp: Display: Module 'WindowsNoEditorTargetPlatform' loaded TargetPlatform 'WindowsNoEditor'
[2019.04.14-16.54.49:915][  0]LogTemp: Display: Module 'WindowsServerTargetPlatform' loaded TargetPlatform 'WindowsServer'
[2019.04.14-16.54.49:921][  0]LogTemp: Display: Module 'WindowsTargetPlatform' loaded TargetPlatform 'Windows'
[2019.04.14-16.54.50:060][  0]LogTemp: Display: Module 'AndroidTargetPlatform' loaded TargetPlatform 'Android'
[2019.04.14-16.54.50:060][  0]LogTemp: Display: Module 'AndroidTargetPlatform' loaded TargetPlatform 'Android_ASTC'
[2019.04.14-16.54.50:060][  0]LogTemp: Display: Module 'AndroidTargetPlatform' loaded TargetPlatform 'Android_ATC'
[2019.04.14-16.54.50:060][  0]LogTemp: Display: Module 'AndroidTargetPlatform' loaded TargetPlatform 'Android_DXT'
[2019.04.14-16.54.50:060][  0]LogTemp: Display: Module 'AndroidTargetPlatform' loaded TargetPlatform 'Android_ETC1'
[2019.04.14-16.54.50:060][  0]LogTemp: Display: Module 'AndroidTargetPlatform' loaded TargetPlatform 'Android_ETC1a'
[2019.04.14-16.54.50:060][  0]LogTemp: Display: Module 'AndroidTargetPlatform' loaded TargetPlatform 'Android_ETC2'
[2019.04.14-16.54.50:060][  0]LogTemp: Display: Module 'AndroidTargetPlatform' loaded TargetPlatform 'Android_PVRTC'
[2019.04.14-16.54.50:060][  0]LogTemp: Display: Module 'AndroidTargetPlatform' loaded TargetPlatform 'AndroidClient'
[2019.04.14-16.54.50:060][  0]LogTemp: Display: Module 'AndroidTargetPlatform' loaded TargetPlatform 'Android_ASTCClient'
[2019.04.14-16.54.50:060][  0]LogTemp: Display: Module 'AndroidTargetPlatform' loaded TargetPlatform 'Android_ATCClient'
[2019.04.14-16.54.50:060][  0]LogTemp: Display: Module 'AndroidTargetPlatform' loaded TargetPlatform 'Android_DXTClient'
[2019.04.14-16.54.50:060][  0]LogTemp: Display: Module 'AndroidTargetPlatform' loaded TargetPlatform 'Android_ETC1Client'
[2019.04.14-16.54.50:060][  0]LogTemp: Display: Module 'AndroidTargetPlatform' loaded TargetPlatform 'Android_ETC1aClient'
[2019.04.14-16.54.50:060][  0]LogTemp: Display: Module 'AndroidTargetPlatform' loaded TargetPlatform 'Android_ETC2Client'
[2019.04.14-16.54.50:060][  0]LogTemp: Display: Module 'AndroidTargetPlatform' loaded TargetPlatform 'Android_PVRTCClient'
[2019.04.14-16.54.50:060][  0]LogTemp: Display: Module 'AndroidTargetPlatform' loaded TargetPlatform 'Android_Multi'
[2019.04.14-16.54.50:060][  0]LogTemp: Display: Module 'AndroidTargetPlatform' loaded TargetPlatform 'Android_MultiClient'
[2019.04.14-16.54.50:098][  0]LogTemp: Display: Module 'HTML5TargetPlatform' loaded TargetPlatform 'HTML5'
[2019.04.14-16.54.50:196][  0]LogTemp: Display: Module 'IOSTargetPlatform' loaded TargetPlatform 'IOSClient'
[2019.04.14-16.54.50:196][  0]LogTemp: Display: Module 'IOSTargetPlatform' loaded TargetPlatform 'IOS'
[2019.04.14-16.54.50:256][  0]LogTemp: Display: Module 'TVOSTargetPlatform' loaded TargetPlatform 'TVOSClient'
[2019.04.14-16.54.50:256][  0]LogTemp: Display: Module 'TVOSTargetPlatform' loaded TargetPlatform 'TVOS'
[2019.04.14-16.54.50:283][  0]LogTemp: Display: Module 'LinuxClientTargetPlatform' loaded TargetPlatform 'LinuxClient'
[2019.04.14-16.54.50:296][  0]LogTemp: Display: Module 'LinuxNoEditorTargetPlatform' loaded TargetPlatform 'LinuxNoEditor'
[2019.04.14-16.54.50:308][  0]LogTemp: Display: Module 'LinuxServerTargetPlatform' loaded TargetPlatform 'LinuxServer'
[2019.04.14-16.54.50:360][  0]LogTemp: Display: Module 'LinuxTargetPlatform' loaded TargetPlatform 'Linux'
[2019.04.14-16.54.50:421][  0]LogTemp: Display: Module 'LuminTargetPlatform' loaded TargetPlatform 'Lumin'
[2019.04.14-16.54.50:421][  0]LogTemp: Display: Module 'LuminTargetPlatform' loaded TargetPlatform 'LuminClient'
[2019.04.14-16.54.50:422][  0]LogTargetPlatformManager: Display: Building Assets For Windows
[2019.04.14-16.54.50:512][  0]LogAudioDebug: Display: Lib vorbis DLL was dynamically loaded.
[2019.04.14-16.54.50:835][  0]LogShaderCompilers: Guid format shader working directory is -23 characters bigger than the processId version (../../../../../GITHUB/Udemy_Unreal/4. Building Escape/BuildingEscape/Intermediate/Shaders/WorkingDirectory/10556/).
[2019.04.14-16.54.50:835][  0]LogShaderCompilers: Cleaned the shader compiler working directory 'C:/Users/Finnx/AppData/Local/Temp/UnrealShaderWorkingDir/CA66B0DA440173F821CF539EE8718D9B/'.
[2019.04.14-16.54.50:853][  0]LogXGEController: Cannot use XGE Controller as Incredibuild is not installed on this machine.
[2019.04.14-16.54.50:854][  0]LogShaderCompilers: Cannot use XGE Shader Compiler as Incredibuild is not installed on this machine.
[2019.04.14-16.54.50:854][  0]LogShaderCompilers: Display: Using Local Shader Compiler.
[2019.04.14-16.54.53:642][  0]LogDerivedDataCache: Display: Max Cache Size: 512 MB
[2019.04.14-16.54.53:845][  0]LogDerivedDataCache: Loaded boot cache 0.20s 73MB C:/Users/Finnx/AppData/Local/UnrealEngine/4.22/DerivedDataCache/Boot.ddc.
[2019.04.14-16.54.53:845][  0]LogDerivedDataCache: Display: Loaded Boot cache: C:/Users/Finnx/AppData/Local/UnrealEngine/4.22/DerivedDataCache/Boot.ddc
[2019.04.14-16.54.53:845][  0]LogDerivedDataCache: FDerivedDataBackendGraph:  Pak pak cache file ../../../../../GITHUB/Udemy_Unreal/4. Building Escape/BuildingEscape/DerivedDataCache/DDC.ddp not found, will not use a pak cache.
[2019.04.14-16.54.53:845][  0]LogDerivedDataCache: Unable to find inner node Pak for hierarchical cache Hierarchy.
[2019.04.14-16.54.53:845][  0]LogDerivedDataCache: FDerivedDataBackendGraph:  CompressedPak pak cache file ../../../../../GITHUB/Udemy_Unreal/4. Building Escape/BuildingEscape/DerivedDataCache/Compressed.ddp not found, will not use a pak cache.
[2019.04.14-16.54.53:845][  0]LogDerivedDataCache: Unable to find inner node CompressedPak for hierarchical cache Hierarchy.
[2019.04.14-16.54.53:857][  0]LogDerivedDataCache: Display: Pak cache opened for reading ../../../Engine/DerivedDataCache/Compressed.ddp.
[2019.04.14-16.54.53:857][  0]LogDerivedDataCache: FDerivedDataBackendGraph:  EnterprisePak pak cache file ../../../Enterprise/DerivedDataCache/Compressed.ddp not found, will not use a pak cache.
[2019.04.14-16.54.53:857][  0]LogDerivedDataCache: Unable to find inner node EnterprisePak for hierarchical cache Hierarchy.
[2019.04.14-16.54.53:869][  0]LogDerivedDataCache: Using Local data cache path C:/Users/Finnx/AppData/Local/UnrealEngine/Common/DerivedDataCache: Writable
[2019.04.14-16.54.53:869][  0]LogDerivedDataCache: Shared data cache path not found in *engine.ini, will not use an Shared cache.
[2019.04.14-16.54.53:869][  0]LogDerivedDataCache: Unable to find inner node Shared for hierarchical cache Hierarchy.
[2019.04.14-16.54.53:892][  0]LogMaterial: Verifying Global Shaders for PCD3D_SM5
[2019.04.14-16.54.53:893][  0]LogSlate: Using FreeType 2.6.0
[2019.04.14-16.54.53:966][  0]LogSlate: SlateFontServices - WITH_FREETYPE: 1, WITH_HARFBUZZ: 1
[2019.04.14-16.54.55:380][  0]LogAssetRegistry: FAssetRegistry took 0.0330 seconds to start up
[2019.04.14-16.54.55:726][  0]LogInit: Selected Device Profile: [Windows]
[2019.04.14-16.54.56:314][  0]LogMeshReduction: Using QuadricMeshReduction for automatic static mesh reduction
[2019.04.14-16.54.56:314][  0]LogMeshReduction: Using SimplygonMeshReduction for automatic skeletal mesh reduction
[2019.04.14-16.54.56:314][  0]LogMeshReduction: Using ProxyLODMeshReduction for automatic mesh merging
[2019.04.14-16.54.56:314][  0]LogMeshReduction: No distributed automatic mesh merging module available
[2019.04.14-16.54.56:314][  0]LogMeshMerging: No distributed automatic mesh merging module available
[2019.04.14-16.54.56:329][  0]LogNetVersion: BuildingEscape 1.0.0, NetCL: 5660361, EngineNetVer: 10, GameNetVer: 0 (Checksum: 1788021529)
[2019.04.14-16.54.56:801][  0]LogAssetRegistry: Error: Failed to open file for write ../../../../../GITHUB/Udemy_Unreal/4. Building Escape/BuildingEscape/Intermediate/CachedAssetRegistry.bin
[2019.04.14-16.54.56:801][  0]LogAssetRegistry: Error: Failed to open file for write ../../../../../GITHUB/Udemy_Unreal/4. Building Escape/BuildingEscape/Intermediate/AssetRegistryCache/866581fd.bin
[2019.04.14-16.54.56:809][  0]LogAssetRegistry: Error: Failed to open file for write ../../../../../GITHUB/Udemy_Unreal/4. Building Escape/BuildingEscape/Intermediate/AssetRegistryCache/6bead350.bin
[2019.04.14-16.54.56:818][  0]LogAssetRegistry: Error: Failed to open file for write ../../../../../GITHUB/Udemy_Unreal/4. Building Escape/BuildingEscape/Intermediate/AssetRegistryCache/50a675f9.bin
[2019.04.14-16.54.56:827][  0]LogAssetRegistry: Error: Failed to open file for write ../../../../../GITHUB/Udemy_Unreal/4. Building Escape/BuildingEscape/Intermediate/AssetRegistryCache/52ed2538.bin
[2019.04.14-16.54.56:859][  0]LogPackageLocalizationCache: Processed 10 localized package path(s) for 1 prioritized culture(s) in 0.071697 seconds
[2019.04.14-16.54.56:867][  0]LogUObjectArray: 42205 objects as part of root set at end of initial load.
[2019.04.14-16.54.56:867][  0]LogUObjectAllocator: 7325032 out of 0 bytes used by permanent object pool.
[2019.04.14-16.54.56:867][  0]LogUObjectArray: CloseDisregardForGC: 0/0 objects in disregard for GC pool
[2019.04.14-16.55.07:181][  0]LogTcpMessaging: Initializing TcpMessaging bridge
[2019.04.14-16.55.07:255][  0]LogUdpMessaging: Initializing bridge on interface 0.0.0.0:0 to multicast group 230.0.0.1:6666.
[2019.04.14-16.55.07:667][  0]SourceControl: Source control is disabled
[2019.04.14-16.55.07:667][  0]SourceControl: Source control is disabled
[2019.04.14-16.55.07:740][  0]SourceControl: Source control is disabled
[2019.04.14-16.55.07:749][  0]SourceControl: Source control is disabled
[2019.04.14-16.55.09:026][  0]LogAndroidPermission: UAndroidPermissionCallbackProxy::GetInstance
[2019.04.14-16.55.09:456][  0]LogOcInput: OculusInput pre-init called
[2019.04.14-16.55.10:348][  0]LogEngine: Initializing Engine...
[2019.04.14-16.55.10:349][  0]LogHMD: Failed to initialize OpenVR with code 110
[2019.04.14-16.55.10:350][  0]LogStats: UGameplayTagsManager::InitializeManager -  0.000 s
[2019.04.14-16.55.10:578][  0]LogInit: Initializing FReadOnlyCVARCache
[2019.04.14-16.55.10:687][  0]LogAIModule: Creating AISystem for world Untitled
[2019.04.14-16.55.10:705][  0]LogInit: XAudio2 using 'Headphones (SteelSeries Arctis 7 Game)' : 2 channels at 48 kHz using 16 bits per sample (channel mask 0x3)
[2019.04.14-16.55.10:722][  0]LogInit: FAudioDevice initialized.
[2019.04.14-16.55.10:722][  0]LogNetVersion: Set ProjectVersion to 1.0.0.0. Version Checksum will be recalculated on next use.
[2019.04.14-16.55.10:816][  0]LogDerivedDataCache: Saved boot cache 0.09s 71MB C:/Users/Finnx/AppData/Local/UnrealEngine/4.22/DerivedDataCache/Boot.ddc.
[2019.04.14-16.55.10:824][  0]LogInit: Texture streaming: Enabled
[2019.04.14-16.55.10:839][  0]LogEngineSessionManager: EngineSessionManager initialized
[2019.04.14-16.55.10:942][  0]LogInit: Transaction tracking system initialized
[2019.04.14-16.55.11:242][  0]BlueprintLog: New page: Editor Load
[2019.04.14-16.55.11:786][  0]LocalizationService: Localization service is disabled
[2019.04.14-16.55.12:623][  0]LogFileCache: Scanning file cache for directory 'D:/GITHUB/Udemy_Unreal/4. Building Escape/BuildingEscape/Content/' took 0.02s
[2019.04.14-16.55.12:623][  0]LogCook: Display: Max memory allowance for cook 16384mb min free memory 0mb
[2019.04.14-16.55.12:624][  0]LogCook: Display: Mobile HDR setting 1
[2019.04.14-16.55.15:245][  0]SourceControl: Source control is disabled
[2019.04.14-16.55.15:245][  0]Cmd: MAP LOAD FILE="../../../../../GITHUB/Udemy_Unreal/4. Building Escape/BuildingEscape/Content/NewMap.umap" TEMPLATE=0 SHOWPROGRESS=1 FEATURELEVEL=3
[2019.04.14-16.55.15:334][  0]LightingResults: New page: Lighting Build
[2019.04.14-16.55.15:475][  0]MapCheck: New page: Map Check
[2019.04.14-16.55.15:475][  0]LightingResults: New page: Lighting Build
[2019.04.14-16.55.15:497][  0]LogUObjectHash: Compacting FUObjectHashTables data took   1.46ms
[2019.04.14-16.55.15:736][  0]LogAIModule: Creating AISystem for world NewMap
[2019.04.14-16.55.15:776][  0]LogEditorServer: Finished looking for orphan Actors (0.000 secs)
[2019.04.14-16.55.15:800][  0]LogUObjectHash: Compacting FUObjectHashTables data took   1.64ms
[2019.04.14-16.55.15:800][  0]Cmd: MAP CHECKDEP NOCLEARLOG
[2019.04.14-16.55.15:800][  0]MapCheck: Map check complete: 0 Error(s), 0 Warning(s), took 0.092ms to complete.
[2019.04.14-16.55.15:800][  0]LogFileHelpers: Loading map 'NewMap' took 0.556
[2019.04.14-16.55.16:098][  0]LogSlate: Updating window title bar state: overlay mode, drag disabled, window buttons hidden, title bar hidden
[2019.04.14-16.55.16:105][  0]LogSlate: Updating window title bar state: overlay mode, drag disabled, window buttons hidden, title bar hidden
[2019.04.14-16.55.16:111][  0]LogSlate: Updating window title bar state: overlay mode, drag disabled, window buttons hidden, title bar hidden
[2019.04.14-16.55.16:118][  0]LogSlate: Updating window title bar state: overlay mode, drag disabled, window buttons hidden, title bar hidden
[2019.04.14-16.55.16:153][  0]LogCollectionManager: Loaded 0 collections in 0.000995 seconds
[2019.04.14-16.55.16:193][  0]LogFileCache: Scanning file cache for directory 'D:/GITHUB/Udemy_Unreal/4. Building Escape/BuildingEscape/Saved/Collections/' took 0.01s
[2019.04.14-16.55.16:193][  0]LogFileCache: Scanning file cache for directory 'D:/GITHUB/Udemy_Unreal/4. Building Escape/BuildingEscape/Content/Developers/Finnx/Collections/' took 0.01s
[2019.04.14-16.55.16:193][  0]LogFileCache: Scanning file cache for directory 'D:/GITHUB/Udemy_Unreal/4. Building Escape/BuildingEscape/Content/Collections/' took 0.01s
[2019.04.14-16.55.16:193][  0]LogCollectionManager: Rebuilt the GUID cache for 0 collections in 0.000000 seconds
[2019.04.14-16.55.16:201][  0]LogContentBrowser: Native class hierarchy populated in 0.0083 seconds. Added 2733 classes and 661 folders.
[2019.04.14-16.55.16:292][  0]LogContentBrowser: Native class hierarchy updated for 'WidgetCarousel' in 0.0004 seconds. Added 0 classes and 0 folders.
[2019.04.14-16.55.16:341][  0]LogPakFile: Registered encryption key '00000000000000000000000000000000': 0 pak files mounted, 0 remain pending
[2019.04.14-16.55.16:364][  0]LogPakFile: Registered encryption key '00000000000000000000000000000000': 0 pak files mounted, 0 remain pending
[2019.04.14-16.55.16:382][  0]LogPakFile: Registered encryption key '00000000000000000000000000000000': 0 pak files mounted, 0 remain pending
[2019.04.14-16.55.16:394][  0]LogPakFile: Registered encryption key '00000000000000000000000000000000': 0 pak files mounted, 0 remain pending
[2019.04.14-16.55.16:407][  0]LogPakFile: Registered encryption key '00000000000000000000000000000000': 0 pak files mounted, 0 remain pending
[2019.04.14-16.55.16:424][  0]LogPakFile: Registered encryption key '00000000000000000000000000000000': 0 pak files mounted, 0 remain pending
[2019.04.14-16.55.16:431][  0]LogPakFile: Registered encryption key '00000000000000000000000000000000': 0 pak files mounted, 0 remain pending
[2019.04.14-16.55.16:448][  0]LogPakFile: Registered encryption key '00000000000000000000000000000000': 0 pak files mounted, 0 remain pending
[2019.04.14-16.55.16:498][  0]LogPakFile: Registered encryption key '00000000000000000000000000000000': 0 pak files mounted, 0 remain pending
[2019.04.14-16.55.16:547][  0]LogPakFile: Registered encryption key '00000000000000000000000000000000': 0 pak files mounted, 0 remain pending
[2019.04.14-16.55.16:569][  0]LogPakFile: Registered encryption key '00000000000000000000000000000000': 0 pak files mounted, 0 remain pending
[2019.04.14-16.55.16:579][  0]LogPakFile: Registered encryption key '00000000000000000000000000000000': 0 pak files mounted, 0 remain pending
[2019.04.14-16.55.16:595][  0]LogPakFile: Registered encryption key '00000000000000000000000000000000': 0 pak files mounted, 0 remain pending
[2019.04.14-16.55.16:603][  0]LogPakFile: Registered encryption key '00000000000000000000000000000000': 0 pak files mounted, 0 remain pending
[2019.04.14-16.55.16:613][  0]LogPakFile: Registered encryption key '00000000000000000000000000000000': 0 pak files mounted, 0 remain pending
[2019.04.14-16.55.16:628][  0]LogPakFile: Registered encryption key '00000000000000000000000000000000': 0 pak files mounted, 0 remain pending
[2019.04.14-16.55.16:665][  0]LogPakFile: Registered encryption key '00000000000000000000000000000000': 0 pak files mounted, 0 remain pending
[2019.04.14-16.55.16:676][  0]LogPakFile: Registered encryption key '00000000000000000000000000000000': 0 pak files mounted, 0 remain pending
[2019.04.14-16.55.16:692][  0]LogPakFile: Registered encryption key '00000000000000000000000000000000': 0 pak files mounted, 0 remain pending
[2019.04.14-16.55.16:730][  0]LogPakFile: Registered encryption key '00000000000000000000000000000000': 0 pak files mounted, 0 remain pending
[2019.04.14-16.55.16:747][  0]LogPakFile: Registered encryption key '00000000000000000000000000000000': 0 pak files mounted, 0 remain pending
[2019.04.14-16.55.16:788][  0]LogPakFile: Registered encryption key '00000000000000000000000000000000': 0 pak files mounted, 0 remain pending
[2019.04.14-16.55.16:808][  0]LogPakFile: Registered encryption key '00000000000000000000000000000000': 0 pak files mounted, 0 remain pending
[2019.04.14-16.55.16:823][  0]LogPakFile: Registered encryption key '00000000000000000000000000000000': 0 pak files mounted, 0 remain pending
[2019.04.14-16.55.16:840][  0]LogPakFile: Registered encryption key '00000000000000000000000000000000': 0 pak files mounted, 0 remain pending
[2019.04.14-16.55.16:856][  0]LogPakFile: Registered encryption key '00000000000000000000000000000000': 0 pak files mounted, 0 remain pending
[2019.04.14-16.55.17:634][  0]LogContentBrowser: Native class hierarchy updated for 'AddContentDialog' in 0.0005 seconds. Added 0 classes and 0 folders.
[2019.04.14-16.55.17:735][  0]LogContentBrowser: Native class hierarchy updated for 'SceneOutliner' in 0.0005 seconds. Added 1 classes and 2 folders.
[2019.04.14-16.55.17:770][  0]LogSlate: Took 0.019903 seconds to synchronously load lazily loaded font '../../../Engine/Content/Slate/Fonts/Roboto-Regular.ttf' (155K)
[2019.04.14-16.55.17:793][  0]LogSlate: Took 0.022082 seconds to synchronously load lazily loaded font '../../../Engine/Content/Slate/Fonts/Roboto-Bold.ttf' (160K)
[2019.04.14-16.55.17:842][  0]LogSlate: Took 0.044870 seconds to synchronously load lazily loaded font '../../../Engine/Content/Editor/Slate/Fonts/FontAwesome.ttf' (139K)
[2019.04.14-16.55.17:932][  0]LogRenderer: Reallocating scene render targets to support 1208x572 Format 10 NumSamples 1 (Frame:1).
[2019.04.14-16.55.18:085][  0]LogSlate: Took 0.100339 seconds to synchronously load lazily loaded font '../../../Engine/Content/Slate/Fonts/Roboto-Light.ttf' (167K)
[2019.04.14-16.55.18:217][  0]LogContentBrowser: Native class hierarchy updated for 'HierarchicalLODOutliner' in 0.0004 seconds. Added 0 classes and 0 folders.
[2019.04.14-16.55.18:217][  0]LogLoad: (Engine Initialization) Total time: 41.18 seconds
[2019.04.14-16.55.18:217][  0]LogLoad: (Engine Initialization) Total Blueprint compile time: 0.00 seconds
[2019.04.14-16.55.18:227][  0]LogWindowsTextInputMethodSystem: Display: IME system now deactivated.
[2019.04.14-16.55.18:247][  0]LogAssetRegistry: Asset discovery search completed in 22.8884 seconds
[2019.04.14-16.55.18:249][  0]LogCollectionManager: Rebuilt the object cache for 0 collections in 0.000001 seconds (found 0 objects)
[2019.04.14-16.55.18:249][  0]LogCollectionManager: Fixed up redirectors for 0 collections in 0.000058 seconds (updated 0 objects)
[2019.04.14-16.55.18:250][  0]LogContentStreaming: Texture pool size now 1000 MB
[2019.04.14-16.55.35:763][ 78]LogSlate: FSceneViewport::OnFocusLost() reason 0
[2019.04.14-16.55.46:340][920]LogActorFactory: Actor Factory created SM_Chair
[2019.04.14-16.55.49:310][230]LogActorFactory: Actor Factory created SM_Chair
[2019.04.14-16.55.50:511][322]LogEditorViewport: Clicking on Actor (context menu): BP_Sky_Sphere_C (Sky Sphere)
[2019.04.14-16.55.50:716][322]LogSlate: FSceneViewport::OnFocusLost() reason 2
[2019.04.14-16.55.59:092][152]Cmd: CAMERA ALIGN ACTIVEVIEWPORTONLY
[2019.04.14-16.56.00:667][319]Cmd: CAMERA ALIGN ACTIVEVIEWPORTONLY
[2019.04.14-16.56.05:683][849]LogSlate: FSceneViewport::OnFocusLost() reason 0
[2019.04.14-16.56.06:589][940]Cmd: CAMERA ALIGN ACTIVEVIEWPORTONLY
[2019.04.14-16.56.10:918][378]Cmd: CAMERA ALIGN ACTIVEVIEWPORTONLY
[2019.04.14-16.56.12:216][504]Cmd: CAMERA ALIGN ACTIVEVIEWPORTONLY
[2019.04.14-16.56.22:347][473]LogEditorViewport: Clicking on Actor (context menu): StaticMeshActor (Floor)
[2019.04.14-16.56.22:400][473]LogSlate: FSceneViewport::OnFocusLost() reason 2
[2019.04.14-16.56.23:563][561]LogEditorViewport: Clicking on Actor (LMB): StaticMeshActor (SM_Chair)
[2019.04.14-16.56.37:351][721]LogSlate: Took 0.028230 seconds to synchronously load lazily loaded font '../../../Engine/Content/Slate/Fonts/Roboto-Italic.ttf' (157K)
[2019.04.14-16.58.14:785][940]LogEditorViewport: Clicking on Actor (LMB): PlayerStart (Player Start)
[2019.04.14-16.58.16:697][156]LogEditorViewport: Clicking on Actor (LMB): StaticMeshActor (SM_Chair)
[2019.04.14-16.58.27:144][366]LogSlate: FSceneViewport::OnFocusLost() reason 0
[2019.04.14-16.58.27:586][377]LogActorFactory: Actor Factory created SM_Rock
[2019.04.14-16.58.28:379][454]LogActorFactory: Actor Factory created SM_Rock
[2019.04.14-16.58.55:532][390]LogEditorViewport: Clicking on Actor (LMB): StaticMeshActor (SM_Chair)
[2019.04.14-16.58.58:711][752]Cmd: TRANSACTION UNDO
[2019.04.14-16.58.58:711][752]LogEditorTransaction: Undo Move Actors
[2019.04.14-16.58.58:782][752]LogSlate: Took 0.000317 seconds to synchronously load lazily loaded font '../../../Engine/Content/Slate/Fonts/Roboto-Light.ttf' (167K)
[2019.04.14-16.59.47:490][322]LogSlate: FSceneViewport::OnFocusLost() reason 2
[2019.04.14-17.00.20:278][185]LogEditorViewport: Clicking on Actor (LMB): BP_Sky_Sphere_C (Sky Sphere)
[2019.04.14-17.00.23:667][570]LogSlate: FSceneViewport::OnFocusLost() reason 2
[2019.04.14-17.00.52:671][488]LogSlate: FSceneViewport::OnFocusLost() reason 2
[2019.04.14-17.00.54:270][674]LogUObjectHash: Compacting FUObjectHashTables data took   1.22ms
[2019.04.14-17.00.54:373][674]LogSlate: FSceneViewport::OnFocusLost() reason 2
[2019.04.14-17.00.54:412][674]Cmd: OBJ SAVEPACKAGE PACKAGE="/Game/NewMap" FILE="../../../../../GITHUB/Udemy_Unreal/4. Building Escape/BuildingEscape/Content/NewMap.umap" SILENT=true AUTOSAVING=false KEEPDIRTY=false
[2019.04.14-17.00.54:442][674]LogUObjectHash: Compacting FUObjectHashTables data took   0.58ms
[2019.04.14-17.00.55:197][674]LogSavePackage: Moving '../../../../../GITHUB/Udemy_Unreal/4. Building Escape/BuildingEscape/Saved/NewMap4276CD1D4BDCE5DDB3F212A10F91F3B2.tmp' to '../../../../../GITHUB/Udemy_Unreal/4. Building Escape/BuildingEscape/Content/NewMap.umap'
[2019.04.14-17.00.55:273][674]LogFileHelpers: Saving map 'NewMap' took 0.893
[2019.04.14-17.03.35:410][230]LogSlate: FSceneViewport::OnFocusLost() reason 2
[2019.04.14-17.03.37:349][421]LogUObjectHash: Compacting FUObjectHashTables data took   1.47ms
[2019.04.14-17.05.17:823][557]Cmd: TRANSACTION UNDO
[2019.04.14-17.05.17:823][557]LogEditorTransaction: Undo Move Actors
[2019.04.14-17.05.18:335][605]LogEditorViewport: Clicking on Actor (LMB): StaticMeshActor (SM_Chair)
[2019.04.14-17.05.18:504][619]LogEditorViewport: Clicking on Component (LMB): StaticMeshComponent (StaticMeshComponent0)
[2019.04.14-17.05.20:419][825]LogSlate: FSceneViewport::OnFocusLost() reason 2
[2019.04.14-17.05.21:392][937]LogUObjectHash: Compacting FUObjectHashTables data took   1.13ms
[2019.04.14-17.05.21:406][937]LogSlate: FSceneViewport::OnFocusLost() reason 2
[2019.04.14-17.05.21:411][937]Cmd: OBJ SAVEPACKAGE PACKAGE="/Game/NewMap" FILE="../../../../../GITHUB/Udemy_Unreal/4. Building Escape/BuildingEscape/Content/NewMap.umap" SILENT=true AUTOSAVING=false KEEPDIRTY=false
[2019.04.14-17.05.21:435][937]LogUObjectHash: Compacting FUObjectHashTables data took   0.52ms
[2019.04.14-17.05.21:597][937]LogSavePackage: Moving '../../../../../GITHUB/Udemy_Unreal/4. Building Escape/BuildingEscape/Saved/NewMap82979C514317EBD00F37588F453C79A5.tmp' to '../../../../../GITHUB/Udemy_Unreal/4. Building Escape/BuildingEscape/Content/NewMap.umap'
[2019.04.14-17.05.21:622][937]LogFileHelpers: Saving map 'NewMap' took 0.212
