Log file open, 04/14/19 12:47:29
LogWindows: Failed to load 'aqProf.dll' (GetLastError=126)
LogWindows: File 'aqProf.dll' does not exist
LogWindows: Failed to load 'VtuneApi.dll' (GetLastError=126)
LogWindows: File 'VtuneApi.dll' does not exist
LogWindows: Failed to load 'VtuneApi32e.dll' (GetLastError=126)
LogWindows: File 'VtuneApi32e.dll' does not exist
LogConsoleResponse: Display: Failed to find resolution value strings in scalability ini. Falling back to default.
LogInit: Display: Running engine for game: BuildingEscape
LogPakFile: Registered encryption key '00000000000000000000000000000000': 0 pak files mounted, 0 remain pending
LogPlatformFile: Not using cached read wrapper
LogTaskGraph: Started task graph with 5 named threads and 14 total threads with 3 sets of task threads.
LogStats: Stats thread started at 0.308380
LogD3D11RHI: Loaded GFSDK_Aftermath_Lib.x64.dll
LogWindows: Failed to load '../../../Engine/Binaries/ThirdParty/libsndfile/Win64/libsndfile-1.dll' (GetLastError=126)
LogWindows: File '../../../Engine/Binaries/ThirdParty/libsndfile/Win64/libsndfile-1.dll' does not exist
LogAudioMixer: Display: Failed to load Sound File dll
LogAudioEditor: Display: LibSoundFile failed to load. Importing audio will not work correctly.
LogICUInternationalization: ICU TimeZone Detection - Raw Offset: -5:00, Platform Override: ''
LogPluginManager: Mounting plugin Paper2D
LogPluginManager: Mounting plugin AISupport
LogPluginManager: Mounting plugin LightPropagationVolume
LogPluginManager: Mounting plugin ActorLayerUtilities
LogPluginManager: Mounting plugin AnimationSharing
LogPluginManager: Mounting plugin CLionSourceCodeAccess
LogPluginManager: Mounting plugin CodeLiteSourceCodeAccess
LogPluginManager: Mounting plugin GitSourceControl
LogPluginManager: Mounting plugin KDevelopSourceCodeAccess
LogPluginManager: Mounting plugin NullSourceCodeAccess
LogPluginManager: Mounting plugin PerforceSourceControl
LogPluginManager: Mounting plugin SubversionSourceControl
LogPluginManager: Mounting plugin UObjectPlugin
LogPluginManager: Mounting plugin VisualStudioCodeSourceCodeAccess
LogPluginManager: Mounting plugin VisualStudioSourceCodeAccess
LogPluginManager: Mounting plugin XCodeSourceCodeAccess
LogPluginManager: Mounting plugin AssetManagerEditor
LogPluginManager: Mounting plugin CryptoKeys
LogPluginManager: Mounting plugin DataValidation
LogPluginManager: Mounting plugin FacialAnimation
LogPluginManager: Mounting plugin GameplayTagsEditor
LogPluginManager: Mounting plugin MacGraphicsSwitching
LogPluginManager: Mounting plugin MaterialAnalyzer
LogPluginManager: Mounting plugin MobileLauncherProfileWizard
LogPluginManager: Mounting plugin PluginBrowser
LogPluginManager: Mounting plugin SpeedTreeImporter
LogPluginManager: Mounting plugin DatasmithContent
LogPluginManager: Mounting plugin VariantManagerContent
LogPluginManager: Mounting plugin AlembicImporter
LogPluginManager: Mounting plugin AppleImageUtils
LogPluginManager: Mounting plugin AppleVision
LogPluginManager: Mounting plugin BackChannel
LogPluginManager: Mounting plugin CharacterAI
LogPluginManager: Mounting plugin GeometryCache
LogPluginManager: Mounting plugin HTML5Networking
LogPluginManager: Mounting plugin ProxyLODPlugin
LogPluginManager: Mounting plugin SkeletalReduction
LogPluginManager: Mounting plugin MagicLeap
LogPluginManager: Mounting plugin MagicLeapMedia
LogPluginManager: Mounting plugin AndroidMedia
LogPluginManager: Mounting plugin AvfMedia
LogPluginManager: Mounting plugin ImgMedia
LogPluginManager: Mounting plugin LinearTimecode
LogPluginManager: Mounting plugin MediaCompositing
LogPluginManager: Mounting plugin MediaPlayerEditor
LogPluginManager: Mounting plugin WebMMedia
LogPluginManager: Mounting plugin WmfMedia
LogPluginManager: Mounting plugin TcpMessaging
LogPluginManager: Mounting plugin UdpMessaging
LogPluginManager: Mounting plugin ActorSequence
LogPluginManager: Mounting plugin LevelSequenceEditor
LogPluginManager: Mounting plugin MatineeToLevelSequence
LogPluginManager: Mounting plugin NetcodeUnitTest
LogPluginManager: Mounting plugin NUTUnrealEngine4
LogPluginManager: Mounting plugin OnlineSubsystemGooglePlay
LogPluginManager: Mounting plugin OnlineSubsystemIOS
LogPluginManager: Mounting plugin OnlineSubsystem
LogPluginManager: Mounting plugin OnlineSubsystemNull
LogPluginManager: Mounting plugin OnlineSubsystemUtils
LogPluginManager: Mounting plugin LauncherChunkInstaller
LogPluginManager: Mounting plugin AndroidDeviceProfileSelector
LogPluginManager: Mounting plugin AndroidMoviePlayer
LogPluginManager: Mounting plugin AndroidPermission
LogPluginManager: Mounting plugin AppleMoviePlayer
LogPluginManager: Mounting plugin ArchVisCharacter
LogPluginManager: Mounting plugin AudioCapture
LogPluginManager: Mounting plugin CableComponent
LogPluginManager: Mounting plugin CustomMeshComponent
LogPluginManager: Mounting plugin EditableMesh
LogPluginManager: Mounting plugin ExampleDeviceProfileSelector
LogPluginManager: Mounting plugin Firebase
LogPluginManager: Mounting plugin GoogleCloudMessaging
LogPluginManager: Mounting plugin IOSDeviceProfileSelector
LogPluginManager: Mounting plugin LinuxDeviceProfileSelector
LogPluginManager: Mounting plugin LocationServicesBPLibrary
LogPluginManager: Mounting plugin MobilePatchingUtils
LogPluginManager: Mounting plugin OculusVR
LogPluginManager: Mounting plugin PhysXVehicles
LogPluginManager: Mounting plugin ProceduralMeshComponent
LogPluginManager: Mounting plugin RuntimePhysXCooking
LogPluginManager: Mounting plugin SignificanceManager
LogPluginManager: Mounting plugin SteamVR
LogPluginManager: Mounting plugin WebMMoviePlayer
LogPluginManager: Mounting plugin WindowsMoviePlayer
LogInit: Using libcurl 7.55.1-DEV
LogInit:  - built for x86_64-pc-win32
LogInit:  - supports SSL with OpenSSL/1.1.1
LogInit:  - supports HTTP deflate (compression) using libz 1.2.8
LogInit:  - other features:
LogInit:      CURL_VERSION_SSL
LogInit:      CURL_VERSION_LIBZ
LogInit:      CURL_VERSION_IPV6
LogInit:      CURL_VERSION_ASYNCHDNS
LogInit:      CURL_VERSION_LARGEFILE
LogInit:      CURL_VERSION_IDN
LogInit:  CurlRequestOptions (configurable via config and command line):
LogInit:  - bVerifyPeer = true  - Libcurl will verify peer certificate
LogInit:  - bUseHttpProxy = false  - Libcurl will NOT use HTTP proxy
LogInit:  - bDontReuseConnections = false  - Libcurl will reuse connections
LogInit:  - MaxHostConnections = 16  - Libcurl will limit the number of connections to a host
LogInit:  - LocalHostAddr = Default
LogInit:  - BufferSize = 65536
LogInit: WinSock: version 1.1 (2.2), MaxSocks=32767, MaxUdp=65467
LogInit: Build: ++UE4+Release-4.22-CL-5660361
LogInit: Engine Version: 4.22.0-5660361+++UE4+Release-4.22
LogInit: Compatible Engine Version: 4.22.0-5660361+++UE4+Release-4.22
LogInit: Net CL: 5660361
LogInit: OS: Windows 10 (Release 1803) (), CPU: Intel(R) Core(TM) i5-6600K CPU @ 3.50GHz, GPU: NVIDIA GeForce GTX 970
LogInit: Compiled (64-bit): Mar 31 2019 02:05:09
LogInit: Compiled with Visual C++: 19.16.27025.01
LogInit: Build Configuration: Development
LogInit: Branch Name: ++UE4+Release-4.22
LogInit: Command Line: 
LogInit: Base Directory: D:/program files d/UE_4.22/Engine/Binaries/Win64/
LogInit: Installed Engine Build: 1
LogDevObjectVersion: Number of dev versions registered: 23
LogDevObjectVersion:   Dev-Blueprints (B0D832E4-1F89-4F0D-ACCF-7EB736FD4AA2): 10
LogDevObjectVersion:   Dev-Build (E1C64328-A22C-4D53-A36C-8E866417BD8C): 0
LogDevObjectVersion:   Dev-Core (375EC13C-06E4-48FB-B500-84F0262A717E): 3
LogDevObjectVersion:   Dev-Editor (E4B068ED-F494-42E9-A231-DA0B2E46BB41): 30
LogDevObjectVersion:   Dev-Framework (CFFC743F-43B0-4480-9391-14DF171D2073): 35
LogDevObjectVersion:   Dev-Mobile (B02B49B5-BB20-44E9-A304-32B752E40360): 2
LogDevObjectVersion:   Dev-Networking (A4E4105C-59A1-49B5-A7C5-40C4547EDFEE): 0
LogDevObjectVersion:   Dev-Online (39C831C9-5AE6-47DC-9A44-9C173E1C8E7C): 0
LogDevObjectVersion:   Dev-Physics (78F01B33-EBEA-4F98-B9B4-84EACCB95AA2): 0
LogDevObjectVersion:   Dev-Platform (6631380F-2D4D-43E0-8009-CF276956A95A): 0
LogDevObjectVersion:   Dev-Rendering (12F88B9F-8875-4AFC-A67C-D90C383ABD29): 28
LogDevObjectVersion:   Dev-Sequencer (7B5AE74C-D270-4C10-A958-57980B212A5A): 11
LogDevObjectVersion:   Dev-VR (D7296918-1DD6-4BDD-9DE2-64A83CC13884): 2
LogDevObjectVersion:   Dev-LoadTimes (C2A15278-BFE7-4AFE-6C17-90FF531DF755): 1
LogDevObjectVersion:   Private-Geometry (6EACA3D4-40EC-4CC1-B786-8BED09428FC5): 3
LogDevObjectVersion:   Dev-AnimPhys (29E575DD-E0A3-4627-9D10-D276232CDCEA): 17
LogDevObjectVersion:   Dev-Anim (AF43A65D-7FD3-4947-9873-3E8ED9C1BB05): 2
LogDevObjectVersion:   Dev-ReflectionCapture (6B266CEC-1EC7-4B8F-A30B-E4D90942FC07): 1
LogDevObjectVersion:   Dev-Automation (0DF73D61-A23F-47EA-B727-89E90C41499A): 1
LogDevObjectVersion:   FortniteMain (601D1886-AC64-4F84-AA16-D3DE0DEAC7D6): 25
LogDevObjectVersion:   Dev-Enterprise (9DFFBCD6-494F-0158-E221-12823C92A888): 6
LogDevObjectVersion:   Dev-Niagara (F2AED0AC-9AFE-416F-8664-AA7FFA26D6FC): 1
LogDevObjectVersion:   Dev-Destruction (174F1F0B-B4C6-45A5-B13F-2EE8D0FB917D): 2
LogInit: Presizing for max 16777216 objects, including 0 objects not considered by GC, pre-allocating 0 bytes for permanent pool.
LogInit: Object subsystem initialized
LogConfig: Setting CVar [[con.DebugEarlyDefault:1]]
LogConfig: Setting CVar [[r.setres:1280x720]]
[2019.04.14-16.47.30:042][  0]LogConfig: Setting CVar [[r.VSync:0]]
[2019.04.14-16.47.30:042][  0]LogConfig: Setting CVar [[r.RHICmdBypass:0]]
[2019.04.14-16.47.30:042][  0]LogConfig: Applying CVar settings from Section [/Script/Engine.RendererSettings] File [D:/GITHUB/Udemy_Unreal/4. Building Escape/BuildingEscape/Saved/Config/Windows/Engine.ini]
[2019.04.14-16.47.30:042][  0]LogConfig: Setting CVar [[r.GPUCrashDebugging:0]]
[2019.04.14-16.47.30:042][  0]LogConfig: Setting CVar [[r.DefaultFeature.AutoExposure.ExtendDefaultLuminanceRange:1]]
[2019.04.14-16.47.30:042][  0]LogConfig: Applying CVar settings from Section [/Script/Engine.RendererOverrideSettings] File [D:/GITHUB/Udemy_Unreal/4. Building Escape/BuildingEscape/Saved/Config/Windows/Engine.ini]
[2019.04.14-16.47.30:042][  0]LogConfig: Applying CVar settings from Section [/Script/Engine.StreamingSettings] File [D:/GITHUB/Udemy_Unreal/4. Building Escape/BuildingEscape/Saved/Config/Windows/Engine.ini]
[2019.04.14-16.47.30:042][  0]LogConfig: Setting CVar [[s.MinBulkDataSizeForAsyncLoading:131072]]
[2019.04.14-16.47.30:042][  0]LogConfig: Setting CVar [[s.AsyncLoadingThreadEnabled:0]]
[2019.04.14-16.47.30:042][  0]LogConfig: Setting CVar [[s.EventDrivenLoaderEnabled:1]]
[2019.04.14-16.47.30:042][  0]LogConfig: Setting CVar [[s.WarnIfTimeLimitExceeded:0]]
[2019.04.14-16.47.30:042][  0]LogConfig: Setting CVar [[s.TimeLimitExceededMultiplier:1.5]]
[2019.04.14-16.47.30:042][  0]LogConfig: Setting CVar [[s.TimeLimitExceededMinTime:0.005]]
[2019.04.14-16.47.30:042][  0]LogConfig: Setting CVar [[s.UseBackgroundLevelStreaming:1]]
[2019.04.14-16.47.30:042][  0]LogConfig: Setting CVar [[s.PriorityAsyncLoadingExtraTime:15.0]]
[2019.04.14-16.47.30:042][  0]LogConfig: Setting CVar [[s.LevelStreamingActorsUpdateTimeLimit:5.0]]
[2019.04.14-16.47.30:042][  0]LogConfig: Setting CVar [[s.PriorityLevelStreamingActorsUpdateExtraTime:5.0]]
[2019.04.14-16.47.30:042][  0]LogConfig: Setting CVar [[s.LevelStreamingComponentsRegistrationGranularity:10]]
[2019.04.14-16.47.30:042][  0]LogConfig: Setting CVar [[s.UnregisterComponentsTimeLimit:1.0]]
[2019.04.14-16.47.30:042][  0]LogConfig: Setting CVar [[s.LevelStreamingComponentsUnregistrationGranularity:5]]
[2019.04.14-16.47.30:042][  0]LogConfig: Applying CVar settings from Section [/Script/Engine.GarbageCollectionSettings] File [D:/GITHUB/Udemy_Unreal/4. Building Escape/BuildingEscape/Saved/Config/Windows/Engine.ini]
[2019.04.14-16.47.30:042][  0]LogConfig: Setting CVar [[gc.MaxObjectsNotConsideredByGC:1]]
[2019.04.14-16.47.30:042][  0]LogConfig: Setting CVar [[gc.SizeOfPermanentObjectPool:0]]
[2019.04.14-16.47.30:042][  0]LogConfig: Setting CVar [[gc.FlushStreamingOnGC:0]]
[2019.04.14-16.47.30:042][  0]LogConfig: Setting CVar [[gc.NumRetriesBeforeForcingGC:10]]
[2019.04.14-16.47.30:042][  0]LogConfig: Setting CVar [[gc.AllowParallelGC:1]]
[2019.04.14-16.47.30:042][  0]LogConfig: Setting CVar [[gc.TimeBetweenPurgingPendingKillObjects:61.1]]
[2019.04.14-16.47.30:042][  0]LogConfig: Setting CVar [[gc.MaxObjectsInEditor:16777216]]
[2019.04.14-16.47.30:042][  0]LogConfig: Setting CVar [[gc.IncrementalBeginDestroyEnabled:1]]
[2019.04.14-16.47.30:042][  0]LogConfig: Setting CVar [[gc.CreateGCClusters:1]]
[2019.04.14-16.47.30:042][  0]LogConfig: Setting CVar [[gc.MinGCClusterSize:5]]
[2019.04.14-16.47.30:042][  0]LogConfig: Setting CVar [[gc.ActorClusteringEnabled:0]]
[2019.04.14-16.47.30:042][  0]LogConfig: Setting CVar [[gc.BlueprintClusteringEnabled:0]]
[2019.04.14-16.47.30:042][  0]LogConfig: Setting CVar [[gc.UseDisregardForGCOnDedicatedServers:0]]
[2019.04.14-16.47.30:042][  0]LogConfig: Applying CVar settings from Section [/Script/Engine.NetworkSettings] File [D:/GITHUB/Udemy_Unreal/4. Building Escape/BuildingEscape/Saved/Config/Windows/Engine.ini]
[2019.04.14-16.47.30:042][  0]LogConfig: Applying CVar settings from Section [/Script/UnrealEd.CookerSettings] File [D:/GITHUB/Udemy_Unreal/4. Building Escape/BuildingEscape/Saved/Config/Windows/Engine.ini]
[2019.04.14-16.47.30:052][  0]LogConfig: Applying CVar settings from Section [ViewDistanceQuality@3] File [D:/GITHUB/Udemy_Unreal/4. Building Escape/BuildingEscape/Saved/Config/Windows/Scalability.ini]
[2019.04.14-16.47.30:052][  0]LogConfig: Setting CVar [[r.SkeletalMeshLODBias:0]]
[2019.04.14-16.47.30:052][  0]LogConfig: Setting CVar [[r.ViewDistanceScale:1.0]]
[2019.04.14-16.47.30:052][  0]LogConfig: Applying CVar settings from Section [AntiAliasingQuality@3] File [D:/GITHUB/Udemy_Unreal/4. Building Escape/BuildingEscape/Saved/Config/Windows/Scalability.ini]
[2019.04.14-16.47.30:052][  0]LogConfig: Setting CVar [[r.PostProcessAAQuality:4]]
[2019.04.14-16.47.30:052][  0]LogConfig: Applying CVar settings from Section [ShadowQuality@3] File [D:/GITHUB/Udemy_Unreal/4. Building Escape/BuildingEscape/Saved/Config/Windows/Scalability.ini]
[2019.04.14-16.47.30:052][  0]LogConfig: Setting CVar [[r.LightFunctionQuality:1]]
[2019.04.14-16.47.30:052][  0]LogConfig: Setting CVar [[r.ShadowQuality:5]]
[2019.04.14-16.47.30:052][  0]LogConfig: Setting CVar [[r.Shadow.CSM.MaxCascades:10]]
[2019.04.14-16.47.30:052][  0]LogConfig: Setting CVar [[r.Shadow.MaxResolution:2048]]
[2019.04.14-16.47.30:052][  0]LogConfig: Setting CVar [[r.Shadow.MaxCSMResolution:2048]]
[2019.04.14-16.47.30:052][  0]LogConfig: Setting CVar [[r.Shadow.RadiusThreshold:0.01]]
[2019.04.14-16.47.30:052][  0]LogConfig: Setting CVar [[r.Shadow.DistanceScale:1.0]]
[2019.04.14-16.47.30:052][  0]LogConfig: Setting CVar [[r.Shadow.CSM.TransitionScale:1.0]]
[2019.04.14-16.47.30:052][  0]LogConfig: Setting CVar [[r.Shadow.PreShadowResolutionFactor:1.0]]
[2019.04.14-16.47.30:052][  0]LogConfig: Setting CVar [[r.DistanceFieldShadowing:1]]
[2019.04.14-16.47.30:052][  0]LogConfig: Setting CVar [[r.DistanceFieldAO:1]]
[2019.04.14-16.47.30:052][  0]LogConfig: Setting CVar [[r.AOQuality:2]]
[2019.04.14-16.47.30:053][  0]LogConfig: Setting CVar [[r.VolumetricFog:1]]
[2019.04.14-16.47.30:053][  0]LogConfig: Setting CVar [[r.VolumetricFog.GridPixelSize:8]]
[2019.04.14-16.47.30:053][  0]LogConfig: Setting CVar [[r.VolumetricFog.GridSizeZ:128]]
[2019.04.14-16.47.30:053][  0]LogConfig: Setting CVar [[r.VolumetricFog.HistoryMissSupersampleCount:4]]
[2019.04.14-16.47.30:053][  0]LogConfig: Setting CVar [[r.LightMaxDrawDistanceScale:1]]
[2019.04.14-16.47.30:053][  0]LogConfig: Setting CVar [[r.CapsuleShadows:1]]
[2019.04.14-16.47.30:053][  0]LogConfig: Applying CVar settings from Section [PostProcessQuality@3] File [D:/GITHUB/Udemy_Unreal/4. Building Escape/BuildingEscape/Saved/Config/Windows/Scalability.ini]
[2019.04.14-16.47.30:053][  0]LogConfig: Setting CVar [[r.MotionBlurQuality:4]]
[2019.04.14-16.47.30:053][  0]LogConfig: Setting CVar [[r.AmbientOcclusionMipLevelFactor:0.4]]
[2019.04.14-16.47.30:053][  0]LogConfig: Setting CVar [[r.AmbientOcclusionMaxQuality:100]]
[2019.04.14-16.47.30:053][  0]LogConfig: Setting CVar [[r.AmbientOcclusionLevels:-1]]
[2019.04.14-16.47.30:053][  0]LogConfig: Setting CVar [[r.AmbientOcclusionRadiusScale:1.0]]
[2019.04.14-16.47.30:053][  0]LogConfig: Setting CVar [[r.DepthOfFieldQuality:2]]
[2019.04.14-16.47.30:053][  0]LogConfig: Setting CVar [[r.RenderTargetPoolMin:400]]
[2019.04.14-16.47.30:053][  0]LogConfig: Setting CVar [[r.LensFlareQuality:2]]
[2019.04.14-16.47.30:053][  0]LogConfig: Setting CVar [[r.SceneColorFringeQuality:1]]
[2019.04.14-16.47.30:053][  0]LogConfig: Setting CVar [[r.EyeAdaptationQuality:2]]
[2019.04.14-16.47.30:053][  0]LogConfig: Setting CVar [[r.BloomQuality:5]]
[2019.04.14-16.47.30:053][  0]LogConfig: Setting CVar [[r.FastBlurThreshold:100]]
[2019.04.14-16.47.30:053][  0]LogConfig: Setting CVar [[r.Upscale.Quality:3]]
[2019.04.14-16.47.30:053][  0]LogConfig: Setting CVar [[r.Tonemapper.GrainQuantization:1]]
[2019.04.14-16.47.30:053][  0]LogConfig: Setting CVar [[r.LightShaftQuality:1]]
[2019.04.14-16.47.30:053][  0]LogConfig: Setting CVar [[r.Filter.SizeScale:1]]
[2019.04.14-16.47.30:053][  0]LogConfig: Setting CVar [[r.Tonemapper.Quality:5]]
[2019.04.14-16.47.30:053][  0]LogConfig: Setting CVar [[r.DOF.Gather.AccumulatorQuality:1        ; higher gathering accumulator quality]]
[2019.04.14-16.47.30:053][  0]LogConfig: Setting CVar [[r.DOF.Gather.PostfilterMethod:1          ; Median3x3 postfilering method]]
[2019.04.14-16.47.30:053][  0]LogConfig: Setting CVar [[r.DOF.Gather.EnableBokehSettings:0       ; no bokeh simulation when gathering]]
[2019.04.14-16.47.30:053][  0]LogConfig: Setting CVar [[r.DOF.Gather.RingCount:4                 ; medium number of samples when gathering]]
[2019.04.14-16.47.30:053][  0]LogConfig: Setting CVar [[r.DOF.Scatter.ForegroundCompositing:1    ; additive foreground scattering]]
[2019.04.14-16.47.30:053][  0]LogConfig: Setting CVar [[r.DOF.Scatter.BackgroundCompositing:2    ; additive background scattering]]
[2019.04.14-16.47.30:053][  0]LogConfig: Setting CVar [[r.DOF.Scatter.EnableBokehSettings:1      ; bokeh simulation when scattering]]
[2019.04.14-16.47.30:053][  0]LogConfig: Setting CVar [[r.DOF.Scatter.MaxSpriteRatio:0.1         ; only a maximum of 10% of scattered bokeh]]
[2019.04.14-16.47.30:053][  0]LogConfig: Setting CVar [[r.DOF.Recombine.Quality:1                ; cheap slight out of focus]]
[2019.04.14-16.47.30:053][  0]LogConfig: Setting CVar [[r.DOF.Recombine.EnableBokehSettings:0    ; no bokeh simulation on slight out of focus]]
[2019.04.14-16.47.30:053][  0]LogConfig: Setting CVar [[r.DOF.TemporalAAQuality:1                ; more stable temporal accumulation]]
[2019.04.14-16.47.30:053][  0]LogConfig: Setting CVar [[r.DOF.Kernel.MaxForegroundRadius:0.025]]
[2019.04.14-16.47.30:053][  0]LogConfig: Setting CVar [[r.DOF.Kernel.MaxBackgroundRadius:0.025]]
[2019.04.14-16.47.30:053][  0]LogConfig: Applying CVar settings from Section [TextureQuality@3] File [D:/GITHUB/Udemy_Unreal/4. Building Escape/BuildingEscape/Saved/Config/Windows/Scalability.ini]
[2019.04.14-16.47.30:053][  0]LogConfig: Setting CVar [[r.Streaming.MipBias:0]]
[2019.04.14-16.47.30:053][  0]LogConfig: Setting CVar [[r.Streaming.AmortizeCPUToGPUCopy:0]]
[2019.04.14-16.47.30:053][  0]LogConfig: Setting CVar [[r.Streaming.MaxNumTexturesToStreamPerFrame:0]]
[2019.04.14-16.47.30:053][  0]LogConfig: Setting CVar [[r.Streaming.Boost:1]]
[2019.04.14-16.47.30:053][  0]LogConfig: Setting CVar [[r.MaxAnisotropy:8]]
[2019.04.14-16.47.30:053][  0]LogConfig: Setting CVar [[r.Streaming.LimitPoolSizeToVRAM:0]]
[2019.04.14-16.47.30:053][  0]LogConfig: Setting CVar [[r.Streaming.PoolSize:1000]]
[2019.04.14-16.47.30:053][  0]LogConfig: Setting CVar [[r.Streaming.MaxEffectiveScreenSize:0]]
[2019.04.14-16.47.30:053][  0]LogConfig: Applying CVar settings from Section [EffectsQuality@3] File [D:/GITHUB/Udemy_Unreal/4. Building Escape/BuildingEscape/Saved/Config/Windows/Scalability.ini]
[2019.04.14-16.47.30:053][  0]LogConfig: Setting CVar [[r.TranslucencyLightingVolumeDim:64]]
[2019.04.14-16.47.30:053][  0]LogConfig: Setting CVar [[r.RefractionQuality:2]]
[2019.04.14-16.47.30:053][  0]LogConfig: Setting CVar [[r.SSR.Quality:3]]
[2019.04.14-16.47.30:053][  0]LogConfig: Setting CVar [[r.SceneColorFormat:4]]
[2019.04.14-16.47.30:053][  0]LogConfig: Setting CVar [[r.DetailMode:2]]
[2019.04.14-16.47.30:053][  0]LogConfig: Setting CVar [[r.TranslucencyVolumeBlur:1]]
[2019.04.14-16.47.30:053][  0]LogConfig: Setting CVar [[r.MaterialQualityLevel:1 ; High quality]]
[2019.04.14-16.47.30:053][  0]LogConfig: Setting CVar [[r.SSS.Scale:1]]
[2019.04.14-16.47.30:053][  0]LogConfig: Setting CVar [[r.SSS.SampleSet:2]]
[2019.04.14-16.47.30:053][  0]LogConfig: Setting CVar [[r.SSS.Quality:1]]
[2019.04.14-16.47.30:053][  0]LogConfig: Setting CVar [[r.SSS.HalfRes:1]]
[2019.04.14-16.47.30:053][  0]LogConfig: Setting CVar [[r.EmitterSpawnRateScale:1.0]]
[2019.04.14-16.47.30:053][  0]LogConfig: Setting CVar [[r.ParticleLightQuality:2]]
[2019.04.14-16.47.30:053][  0]LogConfig: Applying CVar settings from Section [FoliageQuality@3] File [D:/GITHUB/Udemy_Unreal/4. Building Escape/BuildingEscape/Saved/Config/Windows/Scalability.ini]
[2019.04.14-16.47.30:053][  0]LogConfig: Setting CVar [[foliage.DensityScale:1.0]]
[2019.04.14-16.47.30:053][  0]LogConfig: Setting CVar [[grass.DensityScale:1.0]]
[2019.04.14-16.47.30:053][  0]LogInit: Selected Device Profile: [Windows]
[2019.04.14-16.47.30:053][  0]LogInit: Applying CVar settings loaded from the selected device profile: [Windows]
[2019.04.14-16.47.30:090][  0]LogHAL: Display: Platform has ~ 8 GB [8508182528 / 8589934592 / 8], which maps to Default [LargestMinGB=32, LargerMinGB=12, DefaultMinGB=8, SmallerMinGB=6, SmallestMinGB=0)
[2019.04.14-16.47.30:090][  0]LogConfig: Setting CVar [[r.Vulkan.UseRealUBs:0		; Required until we fix HLR fall-out]]
[2019.04.14-16.47.30:090][  0]LogInit: Going up to parent DeviceProfile []
[2019.04.14-16.47.30:090][  0]LogConfig: Applying CVar settings from Section [ViewDistanceQuality@3] File [D:/GITHUB/Udemy_Unreal/4. Building Escape/BuildingEscape/Saved/Config/Windows/Scalability.ini]
[2019.04.14-16.47.30:090][  0]LogConfig: Setting CVar [[r.SkeletalMeshLODBias:0]]
[2019.04.14-16.47.30:090][  0]LogConfig: Setting CVar [[r.ViewDistanceScale:1.0]]
[2019.04.14-16.47.30:090][  0]LogConfig: Applying CVar settings from Section [AntiAliasingQuality@3] File [D:/GITHUB/Udemy_Unreal/4. Building Escape/BuildingEscape/Saved/Config/Windows/Scalability.ini]
[2019.04.14-16.47.30:090][  0]LogConfig: Setting CVar [[r.PostProcessAAQuality:4]]
[2019.04.14-16.47.30:090][  0]LogConfig: Applying CVar settings from Section [ShadowQuality@3] File [D:/GITHUB/Udemy_Unreal/4. Building Escape/BuildingEscape/Saved/Config/Windows/Scalability.ini]
[2019.04.14-16.47.30:090][  0]LogConfig: Setting CVar [[r.LightFunctionQuality:1]]
[2019.04.14-16.47.30:090][  0]LogConfig: Setting CVar [[r.ShadowQuality:5]]
[2019.04.14-16.47.30:090][  0]LogConfig: Setting CVar [[r.Shadow.CSM.MaxCascades:10]]
[2019.04.14-16.47.30:090][  0]LogConfig: Setting CVar [[r.Shadow.MaxResolution:2048]]
[2019.04.14-16.47.30:090][  0]LogConfig: Setting CVar [[r.Shadow.MaxCSMResolution:2048]]
[2019.04.14-16.47.30:090][  0]LogConfig: Setting CVar [[r.Shadow.RadiusThreshold:0.01]]
[2019.04.14-16.47.30:090][  0]LogConfig: Setting CVar [[r.Shadow.DistanceScale:1.0]]
[2019.04.14-16.47.30:090][  0]LogConfig: Setting CVar [[r.Shadow.CSM.TransitionScale:1.0]]
[2019.04.14-16.47.30:090][  0]LogConfig: Setting CVar [[r.Shadow.PreShadowResolutionFactor:1.0]]
[2019.04.14-16.47.30:090][  0]LogConfig: Setting CVar [[r.DistanceFieldShadowing:1]]
[2019.04.14-16.47.30:090][  0]LogConfig: Setting CVar [[r.DistanceFieldAO:1]]
[2019.04.14-16.47.30:090][  0]LogConfig: Setting CVar [[r.AOQuality:2]]
[2019.04.14-16.47.30:090][  0]LogConfig: Setting CVar [[r.VolumetricFog:1]]
[2019.04.14-16.47.30:090][  0]LogConfig: Setting CVar [[r.VolumetricFog.GridPixelSize:8]]
[2019.04.14-16.47.30:090][  0]LogConfig: Setting CVar [[r.VolumetricFog.GridSizeZ:128]]
[2019.04.14-16.47.30:090][  0]LogConfig: Setting CVar [[r.VolumetricFog.HistoryMissSupersampleCount:4]]
[2019.04.14-16.47.30:090][  0]LogConfig: Setting CVar [[r.LightMaxDrawDistanceScale:1]]
[2019.04.14-16.47.30:091][  0]LogConfig: Setting CVar [[r.CapsuleShadows:1]]
[2019.04.14-16.47.30:091][  0]LogConfig: Applying CVar settings from Section [PostProcessQuality@3] File [D:/GITHUB/Udemy_Unreal/4. Building Escape/BuildingEscape/Saved/Config/Windows/Scalability.ini]
[2019.04.14-16.47.30:091][  0]LogConfig: Setting CVar [[r.MotionBlurQuality:4]]
[2019.04.14-16.47.30:091][  0]LogConfig: Setting CVar [[r.AmbientOcclusionMipLevelFactor:0.4]]
[2019.04.14-16.47.30:091][  0]LogConfig: Setting CVar [[r.AmbientOcclusionMaxQuality:100]]
[2019.04.14-16.47.30:091][  0]LogConfig: Setting CVar [[r.AmbientOcclusionLevels:-1]]
[2019.04.14-16.47.30:091][  0]LogConfig: Setting CVar [[r.AmbientOcclusionRadiusScale:1.0]]
[2019.04.14-16.47.30:091][  0]LogConfig: Setting CVar [[r.DepthOfFieldQuality:2]]
[2019.04.14-16.47.30:091][  0]LogConfig: Setting CVar [[r.RenderTargetPoolMin:400]]
[2019.04.14-16.47.30:091][  0]LogConfig: Setting CVar [[r.LensFlareQuality:2]]
[2019.04.14-16.47.30:091][  0]LogConfig: Setting CVar [[r.SceneColorFringeQuality:1]]
[2019.04.14-16.47.30:091][  0]LogConfig: Setting CVar [[r.EyeAdaptationQuality:2]]
[2019.04.14-16.47.30:091][  0]LogConfig: Setting CVar [[r.BloomQuality:5]]
[2019.04.14-16.47.30:091][  0]LogConfig: Setting CVar [[r.FastBlurThreshold:100]]
[2019.04.14-16.47.30:091][  0]LogConfig: Setting CVar [[r.Upscale.Quality:3]]
[2019.04.14-16.47.30:091][  0]LogConfig: Setting CVar [[r.Tonemapper.GrainQuantization:1]]
[2019.04.14-16.47.30:091][  0]LogConfig: Setting CVar [[r.LightShaftQuality:1]]
[2019.04.14-16.47.30:091][  0]LogConfig: Setting CVar [[r.Filter.SizeScale:1]]
[2019.04.14-16.47.30:091][  0]LogConfig: Setting CVar [[r.Tonemapper.Quality:5]]
[2019.04.14-16.47.30:091][  0]LogConfig: Setting CVar [[r.DOF.Gather.AccumulatorQuality:1        ; higher gathering accumulator quality]]
[2019.04.14-16.47.30:091][  0]LogConfig: Setting CVar [[r.DOF.Gather.PostfilterMethod:1          ; Median3x3 postfilering method]]
[2019.04.14-16.47.30:091][  0]LogConfig: Setting CVar [[r.DOF.Gather.EnableBokehSettings:0       ; no bokeh simulation when gathering]]
[2019.04.14-16.47.30:091][  0]LogConfig: Setting CVar [[r.DOF.Gather.RingCount:4                 ; medium number of samples when gathering]]
[2019.04.14-16.47.30:091][  0]LogConfig: Setting CVar [[r.DOF.Scatter.ForegroundCompositing:1    ; additive foreground scattering]]
[2019.04.14-16.47.30:091][  0]LogConfig: Setting CVar [[r.DOF.Scatter.BackgroundCompositing:2    ; additive background scattering]]
[2019.04.14-16.47.30:091][  0]LogConfig: Setting CVar [[r.DOF.Scatter.EnableBokehSettings:1      ; bokeh simulation when scattering]]
[2019.04.14-16.47.30:091][  0]LogConfig: Setting CVar [[r.DOF.Scatter.MaxSpriteRatio:0.1         ; only a maximum of 10% of scattered bokeh]]
[2019.04.14-16.47.30:091][  0]LogConfig: Setting CVar [[r.DOF.Recombine.Quality:1                ; cheap slight out of focus]]
[2019.04.14-16.47.30:091][  0]LogConfig: Setting CVar [[r.DOF.Recombine.EnableBokehSettings:0    ; no bokeh simulation on slight out of focus]]
[2019.04.14-16.47.30:091][  0]LogConfig: Setting CVar [[r.DOF.TemporalAAQuality:1                ; more stable temporal accumulation]]
[2019.04.14-16.47.30:091][  0]LogConfig: Setting CVar [[r.DOF.Kernel.MaxForegroundRadius:0.025]]
[2019.04.14-16.47.30:091][  0]LogConfig: Setting CVar [[r.DOF.Kernel.MaxBackgroundRadius:0.025]]
[2019.04.14-16.47.30:091][  0]LogConfig: Applying CVar settings from Section [TextureQuality@3] File [D:/GITHUB/Udemy_Unreal/4. Building Escape/BuildingEscape/Saved/Config/Windows/Scalability.ini]
[2019.04.14-16.47.30:091][  0]LogConfig: Setting CVar [[r.Streaming.MipBias:0]]
[2019.04.14-16.47.30:091][  0]LogConfig: Setting CVar [[r.Streaming.AmortizeCPUToGPUCopy:0]]
[2019.04.14-16.47.30:091][  0]LogConfig: Setting CVar [[r.Streaming.MaxNumTexturesToStreamPerFrame:0]]
[2019.04.14-16.47.30:091][  0]LogConfig: Setting CVar [[r.Streaming.Boost:1]]
[2019.04.14-16.47.30:091][  0]LogConfig: Setting CVar [[r.MaxAnisotropy:8]]
[2019.04.14-16.47.30:091][  0]LogConfig: Setting CVar [[r.Streaming.LimitPoolSizeToVRAM:0]]
[2019.04.14-16.47.30:091][  0]LogConfig: Setting CVar [[r.Streaming.PoolSize:1000]]
[2019.04.14-16.47.30:091][  0]LogConfig: Setting CVar [[r.Streaming.MaxEffectiveScreenSize:0]]
[2019.04.14-16.47.30:091][  0]LogConfig: Applying CVar settings from Section [EffectsQuality@3] File [D:/GITHUB/Udemy_Unreal/4. Building Escape/BuildingEscape/Saved/Config/Windows/Scalability.ini]
[2019.04.14-16.47.30:091][  0]LogConfig: Setting CVar [[r.TranslucencyLightingVolumeDim:64]]
[2019.04.14-16.47.30:091][  0]LogConfig: Setting CVar [[r.RefractionQuality:2]]
[2019.04.14-16.47.30:091][  0]LogConfig: Setting CVar [[r.SSR.Quality:3]]
[2019.04.14-16.47.30:091][  0]LogConfig: Setting CVar [[r.SceneColorFormat:4]]
[2019.04.14-16.47.30:091][  0]LogConfig: Setting CVar [[r.DetailMode:2]]
[2019.04.14-16.47.30:091][  0]LogConfig: Setting CVar [[r.TranslucencyVolumeBlur:1]]
[2019.04.14-16.47.30:091][  0]LogConfig: Setting CVar [[r.MaterialQualityLevel:1 ; High quality]]
[2019.04.14-16.47.30:091][  0]LogConfig: Setting CVar [[r.SSS.Scale:1]]
[2019.04.14-16.47.30:091][  0]LogConfig: Setting CVar [[r.SSS.SampleSet:2]]
[2019.04.14-16.47.30:091][  0]LogConfig: Setting CVar [[r.SSS.Quality:1]]
[2019.04.14-16.47.30:091][  0]LogConfig: Setting CVar [[r.SSS.HalfRes:1]]
[2019.04.14-16.47.30:091][  0]LogConfig: Setting CVar [[r.EmitterSpawnRateScale:1.0]]
[2019.04.14-16.47.30:091][  0]LogConfig: Setting CVar [[r.ParticleLightQuality:2]]
[2019.04.14-16.47.30:091][  0]LogConfig: Applying CVar settings from Section [FoliageQuality@3] File [D:/GITHUB/Udemy_Unreal/4. Building Escape/BuildingEscape/Saved/Config/Windows/Scalability.ini]
[2019.04.14-16.47.30:091][  0]LogConfig: Setting CVar [[foliage.DensityScale:1.0]]
[2019.04.14-16.47.30:091][  0]LogConfig: Setting CVar [[grass.DensityScale:1.0]]
[2019.04.14-16.47.30:091][  0]LogConfig: Applying CVar settings from Section [Startup] File [../../../Engine/Config/ConsoleVariables.ini]
[2019.04.14-16.47.30:102][  0]LogConfig: Setting CVar [[net.UseAdaptiveNetUpdateFrequency:0]]
[2019.04.14-16.47.30:102][  0]LogConfig: Setting CVar [[p.chaos.AllowCreatePhysxBodies:1]]
[2019.04.14-16.47.30:102][  0]LogConfig: Applying CVar settings from Section [ConsoleVariables] File [D:/GITHUB/Udemy_Unreal/4. Building Escape/BuildingEscape/Saved/Config/Windows/Engine.ini]
[2019.04.14-16.47.30:102][  0]LogInit: Computer: DESKTOP-4MV61K7
[2019.04.14-16.47.30:102][  0]LogInit: User: Finnx
[2019.04.14-16.47.30:102][  0]LogInit: CPU Page size=4096, Cores=4
[2019.04.14-16.47.30:102][  0]LogInit: High frequency timer resolution =3.421876 MHz
[2019.04.14-16.47.30:102][  0]LogMemory: Memory total: Physical=7.9GB (8GB approx)
[2019.04.14-16.47.30:102][  0]LogMemory: Platform Memory Stats for Windows
[2019.04.14-16.47.30:102][  0]LogMemory: Process Physical Memory: 96.89 MB used, 96.89 MB peak
[2019.04.14-16.47.30:102][  0]LogMemory: Process Virtual Memory: 92.14 MB used, 92.14 MB peak
[2019.04.14-16.47.30:102][  0]LogMemory: Physical Memory: 5532.58 MB used,  2581.46 MB free, 8114.04 MB total
[2019.04.14-16.47.30:102][  0]LogMemory: Virtual Memory: 4648.00 MB used,  134213080.00 MB free, 134217728.00 MB total
[2019.04.14-16.47.30:306][  0]LogInit: Using OS detected language (en-US).
[2019.04.14-16.47.30:306][  0]LogInit: Using OS detected locale (en-US).
[2019.04.14-16.47.30:337][  0]LogTextLocalizationManager: No specific localization for 'en-US' exists, so the 'en' localization will be used.
[2019.04.14-16.47.30:898][  0]LogInit: Setting process to per monitor DPI aware
[2019.04.14-16.47.31:262][  0]LogSlate: New Slate User Created.  User Index 0, Is Virtual User: 0
[2019.04.14-16.47.31:262][  0]LogSlate: Slate User Registered.  User Index 0, Is Virtual User: 0
[2019.04.14-16.47.36:174][  0]LogHMD: Failed to initialize OpenVR with code 110
[2019.04.14-16.47.36:174][  0]LogD3D11RHI: D3D11 adapters:
[2019.04.14-16.47.36:239][  0]LogD3D11RHI:    0. 'NVIDIA GeForce GTX 970' (Feature Level 11_0)
[2019.04.14-16.47.36:239][  0]LogD3D11RHI:       4043/0/4057 MB DedicatedVideo/DedicatedSystem/SharedSystem, Outputs:2, VendorId:0x10de
[2019.04.14-16.47.36:242][  0]LogD3D11RHI:    1. 'Microsoft Basic Render Driver' (Feature Level 11_0)
[2019.04.14-16.47.36:243][  0]LogD3D11RHI:       0/0/4057 MB DedicatedVideo/DedicatedSystem/SharedSystem, Outputs:0, VendorId:0x1414
[2019.04.14-16.47.36:243][  0]LogD3D11RHI: Chosen D3D11 Adapter: 0
[2019.04.14-16.47.36:248][  0]LogD3D11RHI: Creating new Direct3DDevice
[2019.04.14-16.47.36:248][  0]LogD3D11RHI:     GPU DeviceId: 0x13c2 (for the marketing name, search the web for "GPU Device Id")
[2019.04.14-16.47.36:248][  0]LogWindows: EnumDisplayDevices:
[2019.04.14-16.47.36:248][  0]LogWindows:    0. 'NVIDIA GeForce GTX 970' (P:0 D:1)
[2019.04.14-16.47.36:249][  0]LogWindows:    1. 'NVIDIA GeForce GTX 970' (P:1 D:1)
[2019.04.14-16.47.36:249][  0]LogWindows:    2. 'NVIDIA GeForce GTX 970' (P:0 D:0)
[2019.04.14-16.47.36:249][  0]LogWindows:    3. 'NVIDIA GeForce GTX 970' (P:0 D:0)
[2019.04.14-16.47.36:249][  0]LogWindows: DebugString: FoundDriverCount:4 
[2019.04.14-16.47.36:249][  0]LogD3D11RHI:     Adapter Name: NVIDIA GeForce GTX 970
[2019.04.14-16.47.36:249][  0]LogD3D11RHI:   Driver Version: 399.24 (internal:24.21.13.9924, unified:399.24)
[2019.04.14-16.47.36:249][  0]LogD3D11RHI:      Driver Date: 9-5-2018
[2019.04.14-16.47.36:249][  0]LogRHI: Texture pool is 2830 MB (70% of 4043 MB)
[2019.04.14-16.47.36:281][  0]LogD3D11RHI: Async texture creation enabled
[2019.04.14-16.47.36:298][  0]LogRendererCore: FGlobalReadBuffer::InitRHI
[2019.04.14-16.47.36:299][  0]LogRendererCore: FGlobalReadBuffer::InitRHI
[2019.04.14-16.47.36:299][  0]LogRendererCore: FGlobalReadBuffer::InitRHI
[2019.04.14-16.47.36:312][  0]LogD3D11RHI: GPU Timing Frequency: 1000.000000 (Debug: 2 2)
[2019.04.14-16.47.36:958][  0]LogTemp: Display: Module 'AllDesktopTargetPlatform' loaded TargetPlatform 'AllDesktop'
[2019.04.14-16.47.36:979][  0]LogTemp: Display: Module 'MacClientTargetPlatform' loaded TargetPlatform 'MacClient'
[2019.04.14-16.47.36:993][  0]LogTemp: Display: Module 'MacNoEditorTargetPlatform' loaded TargetPlatform 'MacNoEditor'
[2019.04.14-16.47.37:007][  0]LogTemp: Display: Module 'MacServerTargetPlatform' loaded TargetPlatform 'MacServer'
[2019.04.14-16.47.37:075][  0]LogTemp: Display: Module 'MacTargetPlatform' loaded TargetPlatform 'Mac'
[2019.04.14-16.47.37:102][  0]LogTemp: Display: Module 'WindowsClientTargetPlatform' loaded TargetPlatform 'WindowsClient'
[2019.04.14-16.47.37:115][  0]LogTemp: Display: Module 'WindowsNoEditorTargetPlatform' loaded TargetPlatform 'WindowsNoEditor'
[2019.04.14-16.47.37:128][  0]LogTemp: Display: Module 'WindowsServerTargetPlatform' loaded TargetPlatform 'WindowsServer'
[2019.04.14-16.47.37:135][  0]LogTemp: Display: Module 'WindowsTargetPlatform' loaded TargetPlatform 'Windows'
[2019.04.14-16.47.37:241][  0]LogTemp: Display: Module 'AndroidTargetPlatform' loaded TargetPlatform 'Android'
[2019.04.14-16.47.37:241][  0]LogTemp: Display: Module 'AndroidTargetPlatform' loaded TargetPlatform 'Android_ASTC'
[2019.04.14-16.47.37:241][  0]LogTemp: Display: Module 'AndroidTargetPlatform' loaded TargetPlatform 'Android_ATC'
[2019.04.14-16.47.37:241][  0]LogTemp: Display: Module 'AndroidTargetPlatform' loaded TargetPlatform 'Android_DXT'
[2019.04.14-16.47.37:241][  0]LogTemp: Display: Module 'AndroidTargetPlatform' loaded TargetPlatform 'Android_ETC1'
[2019.04.14-16.47.37:241][  0]LogTemp: Display: Module 'AndroidTargetPlatform' loaded TargetPlatform 'Android_ETC1a'
[2019.04.14-16.47.37:241][  0]LogTemp: Display: Module 'AndroidTargetPlatform' loaded TargetPlatform 'Android_ETC2'
[2019.04.14-16.47.37:241][  0]LogTemp: Display: Module 'AndroidTargetPlatform' loaded TargetPlatform 'Android_PVRTC'
[2019.04.14-16.47.37:241][  0]LogTemp: Display: Module 'AndroidTargetPlatform' loaded TargetPlatform 'AndroidClient'
[2019.04.14-16.47.37:241][  0]LogTemp: Display: Module 'AndroidTargetPlatform' loaded TargetPlatform 'Android_ASTCClient'
[2019.04.14-16.47.37:241][  0]LogTemp: Display: Module 'AndroidTargetPlatform' loaded TargetPlatform 'Android_ATCClient'
[2019.04.14-16.47.37:241][  0]LogTemp: Display: Module 'AndroidTargetPlatform' loaded TargetPlatform 'Android_DXTClient'
[2019.04.14-16.47.37:241][  0]LogTemp: Display: Module 'AndroidTargetPlatform' loaded TargetPlatform 'Android_ETC1Client'
[2019.04.14-16.47.37:241][  0]LogTemp: Display: Module 'AndroidTargetPlatform' loaded TargetPlatform 'Android_ETC1aClient'
[2019.04.14-16.47.37:241][  0]LogTemp: Display: Module 'AndroidTargetPlatform' loaded TargetPlatform 'Android_ETC2Client'
[2019.04.14-16.47.37:241][  0]LogTemp: Display: Module 'AndroidTargetPlatform' loaded TargetPlatform 'Android_PVRTCClient'
[2019.04.14-16.47.37:241][  0]LogTemp: Display: Module 'AndroidTargetPlatform' loaded TargetPlatform 'Android_Multi'
[2019.04.14-16.47.37:241][  0]LogTemp: Display: Module 'AndroidTargetPlatform' loaded TargetPlatform 'Android_MultiClient'
[2019.04.14-16.47.37:266][  0]LogTemp: Display: Module 'HTML5TargetPlatform' loaded TargetPlatform 'HTML5'
[2019.04.14-16.47.37:345][  0]LogTemp: Display: Module 'IOSTargetPlatform' loaded TargetPlatform 'IOSClient'
[2019.04.14-16.47.37:345][  0]LogTemp: Display: Module 'IOSTargetPlatform' loaded TargetPlatform 'IOS'
[2019.04.14-16.47.37:378][  0]LogTemp: Display: Module 'TVOSTargetPlatform' loaded TargetPlatform 'TVOSClient'
[2019.04.14-16.47.37:378][  0]LogTemp: Display: Module 'TVOSTargetPlatform' loaded TargetPlatform 'TVOS'
[2019.04.14-16.47.37:403][  0]LogTemp: Display: Module 'LinuxClientTargetPlatform' loaded TargetPlatform 'LinuxClient'
[2019.04.14-16.47.37:416][  0]LogTemp: Display: Module 'LinuxNoEditorTargetPlatform' loaded TargetPlatform 'LinuxNoEditor'
[2019.04.14-16.47.37:429][  0]LogTemp: Display: Module 'LinuxServerTargetPlatform' loaded TargetPlatform 'LinuxServer'
[2019.04.14-16.47.37:449][  0]LogTemp: Display: Module 'LinuxTargetPlatform' loaded TargetPlatform 'Linux'
[2019.04.14-16.47.37:502][  0]LogTemp: Display: Module 'LuminTargetPlatform' loaded TargetPlatform 'Lumin'
[2019.04.14-16.47.37:502][  0]LogTemp: Display: Module 'LuminTargetPlatform' loaded TargetPlatform 'LuminClient'
[2019.04.14-16.47.37:502][  0]LogTargetPlatformManager: Display: Building Assets For Windows
[2019.04.14-16.47.37:598][  0]LogAudioDebug: Display: Lib vorbis DLL was dynamically loaded.
[2019.04.14-16.47.37:911][  0]LogShaderCompilers: Guid format shader working directory is -22 characters bigger than the processId version (../../../../../GITHUB/Udemy_Unreal/4. Building Escape/BuildingEscape/Intermediate/Shaders/WorkingDirectory/2400/).
[2019.04.14-16.47.37:911][  0]LogShaderCompilers: Cleaned the shader compiler working directory 'C:/Users/Finnx/AppData/Local/Temp/UnrealShaderWorkingDir/93EC243242646979AD09D99B56B8B253/'.
[2019.04.14-16.47.37:930][  0]LogXGEController: Cleaning working directory: C:/Users/Finnx/AppData/Local/Temp/UnrealXGEWorkingDir/
[2019.04.14-16.47.37:930][  0]LogXGEController: Cannot use XGE Controller as Incredibuild is not installed on this machine.
[2019.04.14-16.47.37:931][  0]LogShaderCompilers: Cannot use XGE Shader Compiler as Incredibuild is not installed on this machine.
[2019.04.14-16.47.37:931][  0]LogShaderCompilers: Display: Using Local Shader Compiler.
[2019.04.14-16.47.40:711][  0]LogDerivedDataCache: Display: Max Cache Size: 512 MB
[2019.04.14-16.47.40:907][  0]LogDerivedDataCache: Loaded boot cache 0.20s 73MB C:/Users/Finnx/AppData/Local/UnrealEngine/4.22/DerivedDataCache/Boot.ddc.
[2019.04.14-16.47.40:908][  0]LogDerivedDataCache: Display: Loaded Boot cache: C:/Users/Finnx/AppData/Local/UnrealEngine/4.22/DerivedDataCache/Boot.ddc
[2019.04.14-16.47.40:908][  0]LogDerivedDataCache: FDerivedDataBackendGraph:  Pak pak cache file ../../../../../GITHUB/Udemy_Unreal/4. Building Escape/BuildingEscape/DerivedDataCache/DDC.ddp not found, will not use a pak cache.
[2019.04.14-16.47.40:908][  0]LogDerivedDataCache: Unable to find inner node Pak for hierarchical cache Hierarchy.
[2019.04.14-16.47.40:908][  0]LogDerivedDataCache: FDerivedDataBackendGraph:  CompressedPak pak cache file ../../../../../GITHUB/Udemy_Unreal/4. Building Escape/BuildingEscape/DerivedDataCache/Compressed.ddp not found, will not use a pak cache.
[2019.04.14-16.47.40:908][  0]LogDerivedDataCache: Unable to find inner node CompressedPak for hierarchical cache Hierarchy.
[2019.04.14-16.47.40:922][  0]LogDerivedDataCache: Display: Pak cache opened for reading ../../../Engine/DerivedDataCache/Compressed.ddp.
[2019.04.14-16.47.40:922][  0]LogDerivedDataCache: FDerivedDataBackendGraph:  EnterprisePak pak cache file ../../../Enterprise/DerivedDataCache/Compressed.ddp not found, will not use a pak cache.
[2019.04.14-16.47.40:922][  0]LogDerivedDataCache: Unable to find inner node EnterprisePak for hierarchical cache Hierarchy.
[2019.04.14-16.47.40:934][  0]LogDerivedDataCache: Using Local data cache path C:/Users/Finnx/AppData/Local/UnrealEngine/Common/DerivedDataCache: Writable
[2019.04.14-16.47.40:934][  0]LogDerivedDataCache: Shared data cache path not found in *engine.ini, will not use an Shared cache.
[2019.04.14-16.47.40:934][  0]LogDerivedDataCache: Unable to find inner node Shared for hierarchical cache Hierarchy.
[2019.04.14-16.47.40:956][  0]LogMaterial: Verifying Global Shaders for PCD3D_SM5
[2019.04.14-16.47.40:957][  0]LogSlate: Using FreeType 2.6.0
[2019.04.14-16.47.40:997][  0]LogSlate: SlateFontServices - WITH_FREETYPE: 1, WITH_HARFBUZZ: 1
[2019.04.14-16.47.42:516][  0]LogAssetRegistry: FAssetRegistry took 0.0330 seconds to start up
[2019.04.14-16.47.42:849][  0]LogInit: Selected Device Profile: [Windows]
[2019.04.14-16.47.43:384][  0]LogMeshReduction: Using QuadricMeshReduction for automatic static mesh reduction
[2019.04.14-16.47.43:384][  0]LogMeshReduction: Using SimplygonMeshReduction for automatic skeletal mesh reduction
[2019.04.14-16.47.43:384][  0]LogMeshReduction: Using ProxyLODMeshReduction for automatic mesh merging
[2019.04.14-16.47.43:384][  0]LogMeshReduction: No distributed automatic mesh merging module available
[2019.04.14-16.47.43:384][  0]LogMeshMerging: No distributed automatic mesh merging module available
[2019.04.14-16.47.43:400][  0]LogNetVersion: BuildingEscape 1.0.0, NetCL: 5660361, EngineNetVer: 10, GameNetVer: 0 (Checksum: 1788021529)
[2019.04.14-16.47.43:879][  0]LogPackageLocalizationCache: Processed 10 localized package path(s) for 1 prioritized culture(s) in 0.043535 seconds
[2019.04.14-16.47.43:886][  0]LogUObjectArray: 42205 objects as part of root set at end of initial load.
[2019.04.14-16.47.43:886][  0]LogUObjectAllocator: 7325032 out of 0 bytes used by permanent object pool.
[2019.04.14-16.47.43:886][  0]LogUObjectArray: CloseDisregardForGC: 0/0 objects in disregard for GC pool
[2019.04.14-16.47.54:458][  0]LogTcpMessaging: Initializing TcpMessaging bridge
[2019.04.14-16.47.54:501][  0]LogUdpMessaging: Initializing bridge on interface 0.0.0.0:0 to multicast group 230.0.0.1:6666.
[2019.04.14-16.47.54:891][  0]SourceControl: Source control is disabled
[2019.04.14-16.47.54:891][  0]SourceControl: Source control is disabled
[2019.04.14-16.47.54:918][  0]SourceControl: Source control is disabled
[2019.04.14-16.47.54:927][  0]SourceControl: Source control is disabled
[2019.04.14-16.47.55:529][  0]LogAndroidPermission: UAndroidPermissionCallbackProxy::GetInstance
[2019.04.14-16.47.55:817][  0]LogOcInput: OculusInput pre-init called
[2019.04.14-16.47.56:691][  0]LogEngine: Initializing Engine...
[2019.04.14-16.47.56:692][  0]LogHMD: Failed to initialize OpenVR with code 110
[2019.04.14-16.47.56:693][  0]LogStats: UGameplayTagsManager::InitializeManager -  0.000 s
[2019.04.14-16.47.56:901][  0]LogInit: Initializing FReadOnlyCVARCache
[2019.04.14-16.47.56:997][  0]LogAIModule: Creating AISystem for world Untitled
[2019.04.14-16.47.57:010][  0]LogInit: XAudio2 using 'Headphones (SteelSeries Arctis 7 Game)' : 2 channels at 48 kHz using 16 bits per sample (channel mask 0x3)
[2019.04.14-16.47.57:022][  0]LogInit: FAudioDevice initialized.
[2019.04.14-16.47.57:022][  0]LogNetVersion: Set ProjectVersion to 1.0.0.0. Version Checksum will be recalculated on next use.
[2019.04.14-16.47.57:091][  0]LogDerivedDataCache: Saved boot cache 0.07s 73MB C:/Users/Finnx/AppData/Local/UnrealEngine/4.22/DerivedDataCache/Boot.ddc.
[2019.04.14-16.47.57:099][  0]LogInit: Texture streaming: Enabled
[2019.04.14-16.47.57:158][  0]LogEngineSessionManager: EngineSessionManager initialized
[2019.04.14-16.47.57:262][  0]LogInit: Transaction tracking system initialized
[2019.04.14-16.47.57:494][  0]BlueprintLog: New page: Editor Load
[2019.04.14-16.47.58:012][  0]LocalizationService: Localization service is disabled
[2019.04.14-16.47.58:880][  0]LogFileCache: Scanning file cache for directory 'D:/GITHUB/Udemy_Unreal/4. Building Escape/BuildingEscape/Content/' took 0.01s
[2019.04.14-16.47.58:880][  0]LogCook: Display: Max memory allowance for cook 16384mb min free memory 0mb
[2019.04.14-16.47.58:880][  0]LogCook: Display: Mobile HDR setting 1
[2019.04.14-16.48.00:229][  0]SourceControl: Source control is disabled
[2019.04.14-16.48.00:230][  0]Cmd: MAP LOAD FILE="../../../../../GITHUB/Udemy_Unreal/4. Building Escape/BuildingEscape/Content/StarterContent/Maps/Minimal_Default.umap" TEMPLATE=0 SHOWPROGRESS=1 FEATURELEVEL=3
[2019.04.14-16.48.00:230][  0]LightingResults: New page: Lighting Build
[2019.04.14-16.48.00:244][  0]MapCheck: New page: Map Check
[2019.04.14-16.48.00:244][  0]LightingResults: New page: Lighting Build
[2019.04.14-16.48.00:268][  0]LogUObjectHash: Compacting FUObjectHashTables data took   1.57ms
[2019.04.14-16.48.00:433][  0]LogStaticMesh: Building static mesh Floor_400x400...
[2019.04.14-16.48.00:435][  0]LogStaticMesh: Built static mesh [0.00s] /Game/StarterContent/Architecture/Floor_400x400.Floor_400x400
[2019.04.14-16.48.00:623][  0]LogAIModule: Creating AISystem for world Minimal_Default
[2019.04.14-16.48.00:632][  0]LogEditorServer: Finished looking for orphan Actors (0.000 secs)
[2019.04.14-16.48.00:656][  0]LogUObjectHash: Compacting FUObjectHashTables data took   1.65ms
[2019.04.14-16.48.00:656][  0]Cmd: MAP CHECKDEP NOCLEARLOG
[2019.04.14-16.48.00:657][  0]MapCheck: Map check complete: 0 Error(s), 0 Warning(s), took 0.1ms to complete.
[2019.04.14-16.48.00:657][  0]LogFileHelpers: Loading map 'Minimal_Default' took 0.426
[2019.04.14-16.48.00:841][  0]LogSlate: Updating window title bar state: overlay mode, drag disabled, window buttons hidden, title bar hidden
[2019.04.14-16.48.00:848][  0]LogSlate: Updating window title bar state: overlay mode, drag disabled, window buttons hidden, title bar hidden
[2019.04.14-16.48.00:855][  0]LogSlate: Updating window title bar state: overlay mode, drag disabled, window buttons hidden, title bar hidden
[2019.04.14-16.48.00:861][  0]LogSlate: Updating window title bar state: overlay mode, drag disabled, window buttons hidden, title bar hidden
[2019.04.14-16.48.00:897][  0]LogCollectionManager: Loaded 0 collections in 0.000945 seconds
[2019.04.14-16.48.00:953][  0]LogFileCache: Scanning file cache for directory 'D:/GITHUB/Udemy_Unreal/4. Building Escape/BuildingEscape/Saved/Collections/' took 0.01s
[2019.04.14-16.48.00:953][  0]LogFileCache: Scanning file cache for directory 'D:/GITHUB/Udemy_Unreal/4. Building Escape/BuildingEscape/Content/Developers/Finnx/Collections/' took 0.01s
[2019.04.14-16.48.00:953][  0]LogFileCache: Scanning file cache for directory 'D:/GITHUB/Udemy_Unreal/4. Building Escape/BuildingEscape/Content/Collections/' took 0.01s
[2019.04.14-16.48.00:953][  0]LogCollectionManager: Rebuilt the GUID cache for 0 collections in 0.000001 seconds
[2019.04.14-16.48.00:962][  0]LogContentBrowser: Native class hierarchy populated in 0.0087 seconds. Added 2733 classes and 661 folders.
[2019.04.14-16.48.00:993][  0]LogContentBrowser: Native class hierarchy updated for 'WidgetCarousel' in 0.0004 seconds. Added 0 classes and 0 folders.
[2019.04.14-16.48.01:036][  0]LogPakFile: Registered encryption key '00000000000000000000000000000000': 0 pak files mounted, 0 remain pending
[2019.04.14-16.48.01:068][  0]LogPakFile: Registered encryption key '00000000000000000000000000000000': 0 pak files mounted, 0 remain pending
[2019.04.14-16.48.01:093][  0]LogPakFile: Registered encryption key '00000000000000000000000000000000': 0 pak files mounted, 0 remain pending
[2019.04.14-16.48.01:129][  0]LogPakFile: Registered encryption key '00000000000000000000000000000000': 0 pak files mounted, 0 remain pending
[2019.04.14-16.48.01:143][  0]LogPakFile: Registered encryption key '00000000000000000000000000000000': 0 pak files mounted, 0 remain pending
[2019.04.14-16.48.01:159][  0]LogPakFile: Registered encryption key '00000000000000000000000000000000': 0 pak files mounted, 0 remain pending
[2019.04.14-16.48.01:175][  0]LogPakFile: Registered encryption key '00000000000000000000000000000000': 0 pak files mounted, 0 remain pending
[2019.04.14-16.48.01:191][  0]LogPakFile: Registered encryption key '00000000000000000000000000000000': 0 pak files mounted, 0 remain pending
[2019.04.14-16.48.01:202][  0]LogPakFile: Registered encryption key '00000000000000000000000000000000': 0 pak files mounted, 0 remain pending
[2019.04.14-16.48.01:215][  0]LogPakFile: Registered encryption key '00000000000000000000000000000000': 0 pak files mounted, 0 remain pending
[2019.04.14-16.48.01:230][  0]LogPakFile: Registered encryption key '00000000000000000000000000000000': 0 pak files mounted, 0 remain pending
[2019.04.14-16.48.01:240][  0]LogPakFile: Registered encryption key '00000000000000000000000000000000': 0 pak files mounted, 0 remain pending
[2019.04.14-16.48.01:256][  0]LogPakFile: Registered encryption key '00000000000000000000000000000000': 0 pak files mounted, 0 remain pending
[2019.04.14-16.48.01:265][  0]LogPakFile: Registered encryption key '00000000000000000000000000000000': 0 pak files mounted, 0 remain pending
[2019.04.14-16.48.01:283][  0]LogPakFile: Registered encryption key '00000000000000000000000000000000': 0 pak files mounted, 0 remain pending
[2019.04.14-16.48.01:297][  0]LogPakFile: Registered encryption key '00000000000000000000000000000000': 0 pak files mounted, 0 remain pending
[2019.04.14-16.48.01:334][  0]LogPakFile: Registered encryption key '00000000000000000000000000000000': 0 pak files mounted, 0 remain pending
[2019.04.14-16.48.01:362][  0]LogPakFile: Registered encryption key '00000000000000000000000000000000': 0 pak files mounted, 0 remain pending
[2019.04.14-16.48.01:377][  0]LogPakFile: Registered encryption key '00000000000000000000000000000000': 0 pak files mounted, 0 remain pending
[2019.04.14-16.48.01:391][  0]LogPakFile: Registered encryption key '00000000000000000000000000000000': 0 pak files mounted, 0 remain pending
[2019.04.14-16.48.01:407][  0]LogPakFile: Registered encryption key '00000000000000000000000000000000': 0 pak files mounted, 0 remain pending
[2019.04.14-16.48.01:420][  0]LogPakFile: Registered encryption key '00000000000000000000000000000000': 0 pak files mounted, 0 remain pending
[2019.04.14-16.48.01:435][  0]LogPakFile: Registered encryption key '00000000000000000000000000000000': 0 pak files mounted, 0 remain pending
[2019.04.14-16.48.01:448][  0]LogPakFile: Registered encryption key '00000000000000000000000000000000': 0 pak files mounted, 0 remain pending
[2019.04.14-16.48.01:458][  0]LogPakFile: Registered encryption key '00000000000000000000000000000000': 0 pak files mounted, 0 remain pending
[2019.04.14-16.48.01:474][  0]LogPakFile: Registered encryption key '00000000000000000000000000000000': 0 pak files mounted, 0 remain pending
[2019.04.14-16.48.02:130][  0]LogContentBrowser: Native class hierarchy updated for 'AddContentDialog' in 0.0005 seconds. Added 0 classes and 0 folders.
[2019.04.14-16.48.02:161][  0]LogContentBrowser: Native class hierarchy updated for 'SceneOutliner' in 0.0004 seconds. Added 1 classes and 2 folders.
[2019.04.14-16.48.02:188][  0]LogSlate: Took 0.015809 seconds to synchronously load lazily loaded font '../../../Engine/Content/Slate/Fonts/Roboto-Regular.ttf' (155K)
[2019.04.14-16.48.02:238][  0]LogSlate: Took 0.047311 seconds to synchronously load lazily loaded font '../../../Engine/Content/Slate/Fonts/Roboto-Bold.ttf' (160K)
[2019.04.14-16.48.02:251][  0]LogSlate: Took 0.008763 seconds to synchronously load lazily loaded font '../../../Engine/Content/Editor/Slate/Fonts/FontAwesome.ttf' (139K)
[2019.04.14-16.48.02:331][  0]LogRenderer: Reallocating scene render targets to support 1208x572 Format 10 NumSamples 1 (Frame:1).
[2019.04.14-16.48.02:468][  0]LogContentBrowser: Native class hierarchy updated for 'HierarchicalLODOutliner' in 0.0004 seconds. Added 0 classes and 0 folders.
[2019.04.14-16.48.02:468][  0]LogLoad: (Engine Initialization) Total time: 39.80 seconds
[2019.04.14-16.48.02:468][  0]LogLoad: (Engine Initialization) Total Blueprint compile time: 0.00 seconds
[2019.04.14-16.48.02:477][  0]LogWindowsTextInputMethodSystem: Display: IME system now deactivated.
[2019.04.14-16.48.02:497][  0]LogAssetRegistry: Asset discovery search completed in 20.0032 seconds
[2019.04.14-16.48.02:500][  0]LogCollectionManager: Rebuilt the object cache for 0 collections in 0.000001 seconds (found 0 objects)
[2019.04.14-16.48.02:500][  0]LogCollectionManager: Fixed up redirectors for 0 collections in 0.000063 seconds (updated 0 objects)
[2019.04.14-16.48.02:501][  0]LogContentStreaming: Texture pool size now 1000 MB
[2019.04.14-16.48.02:514][  0]LogSlate: Took 0.000233 seconds to synchronously load lazily loaded font '../../../Engine/Content/Slate/Fonts/Roboto-Light.ttf' (167K)
[2019.04.14-16.49.01:307][569]LogSlate: FSceneViewport::OnFocusLost() reason 2
[2019.04.14-16.49.02:196][596]LogSlate: FSceneViewport::OnFocusLost() reason 2
[2019.04.14-16.49.03:558][596]LogSlate: Window 'New Level' being destroyed
[2019.04.14-16.49.03:562][596]Cmd: MAP LOAD FILE="../../../Engine/Content/Maps/Templates/Template_Default.umap" TEMPLATE=1 SHOWPROGRESS=1 FEATURELEVEL=3
[2019.04.14-16.49.03:626][596]LogSlate: Took 0.000247 seconds to synchronously load lazily loaded font '../../../Engine/Content/Slate/Fonts/Roboto-Light.ttf' (167K)
[2019.04.14-16.49.03:629][596]LogSlate: FSceneViewport::OnFocusLost() reason 2
[2019.04.14-16.49.03:635][596]LightingResults: New page: Lighting Build
[2019.04.14-16.49.03:636][596]LoadErrors: New page: Loading map: Template_Default.umap
[2019.04.14-16.49.03:641][596]MapCheck: New page: Map Check
[2019.04.14-16.49.03:641][596]LightingResults: New page: Lighting Build
[2019.04.14-16.49.03:678][596]LogUObjectHash: Compacting FUObjectHashTables data took  13.40ms
[2019.04.14-16.49.03:927][596]LogAIModule: Creating AISystem for world Untitled_1
[2019.04.14-16.49.03:932][596]LogEditorServer: Finished looking for orphan Actors (0.000 secs)
[2019.04.14-16.49.03:961][596]LogUObjectHash: Compacting FUObjectHashTables data took   1.83ms
[2019.04.14-16.49.03:965][596]Cmd: MAP CHECKDEP NOCLEARLOG
[2019.04.14-16.49.03:965][596]MapCheck: Map check complete: 0 Error(s), 0 Warning(s), took 0.108ms to complete.
[2019.04.14-16.49.03:965][596]LogFileHelpers: Loading map 'Template_Default' took 0.404
[2019.04.14-16.49.07:343][658]LogSlate: FSceneViewport::OnFocusLost() reason 0
[2019.04.14-16.49.10:928][730]LogEditorViewport: Clicking on Actor (LMB): BP_Sky_Sphere_C (Sky Sphere)
[2019.04.14-16.49.12:613][772]LogSlate: FSceneViewport::OnFocusLost() reason 0
[2019.04.14-16.49.16:406][774]LogSlate: Window 'Save Level As' being destroyed
[2019.04.14-16.49.16:532][774]LogUObjectHash: Compacting FUObjectHashTables data took   8.44ms
[2019.04.14-16.49.16:533][774]Cmd: OBJ SAVEPACKAGE PACKAGE="/Game/NewMap" FILE="../../../../../GITHUB/Udemy_Unreal/4. Building Escape/BuildingEscape/Content/NewMap.umap" SILENT=true AUTOSAVING=false KEEPDIRTY=false
[2019.04.14-16.49.16:562][774]LogUObjectHash: Compacting FUObjectHashTables data took   1.12ms
[2019.04.14-16.49.16:755][774]LogSavePackage: Moving '../../../../../GITHUB/Udemy_Unreal/4. Building Escape/BuildingEscape/Saved/NewMapF376F1194F6AE06325F957B5E6C2B9F7.tmp' to '../../../../../GITHUB/Udemy_Unreal/4. Building Escape/BuildingEscape/Content/NewMap.umap'
[2019.04.14-16.49.16:831][774]Cmd: OBJ SAVEPACKAGE PACKAGE="/Game/NewMap_BuiltData" FILE="../../../../../GITHUB/Udemy_Unreal/4. Building Escape/BuildingEscape/Content/NewMap_BuiltData.uasset" SILENT=true
[2019.04.14-16.49.16:885][774]LogSavePackage: Moving '../../../../../GITHUB/Udemy_Unreal/4. Building Escape/BuildingEscape/Saved/NewMap_BuiltDataF9056D8F4722965A453FFE8343620D29.tmp' to '../../../../../GITHUB/Udemy_Unreal/4. Building Escape/BuildingEscape/Content/NewMap_BuiltData.uasset'
[2019.04.14-16.49.16:890][774]LogFileHelpers: Saving map 'NewMap' took 0.458
[2019.04.14-16.49.36:567][ 37]LogSlate: Only BGRA pngs, bmps or icos are supported in by External Image Picker
[2019.04.14-16.50.26:258][430]LogUObjectGlobals: Warning: Failed to find object 'Class /Script/BuildingEscape.BuildingEscapeGameMode'
[2019.04.14-16.50.35:646][299]LogSlate: Window 'Project Settings' being destroyed
[2019.04.14-16.50.35:648][299]LogSlate: Window 'Project Settings' being destroyed
[2019.04.14-16.50.44:509][193]LogWindows: LaunchURL http://docs.unrealengine.com/latest/INT/Engine/UI/LevelEditor/Viewports/ViewportControls/index.html
[2019.04.14-16.51.47:268][ 55]LogSlate: FSceneViewport::OnFocusLost() reason 2
[2019.04.14-16.51.48:854][224]LogUObjectHash: Compacting FUObjectHashTables data took   2.28ms
[2019.04.14-16.52.07:980][806]LogSlate: FSceneViewport::OnFocusLost() reason 2
[2019.04.14-16.52.32:807][732]LogSlate: FSceneViewport::OnFocusLost() reason 2
[2019.04.14-16.52.34:720][913]LogSlate: Window 'Localization Dashboard' being destroyed
[2019.04.14-16.52.34:723][913]LogSlate: Window 'Localization Dashboard' being destroyed
[2019.04.14-16.52.41:701][731]LogSlate: FSceneViewport::OnFocusLost() reason 0
[2019.04.14-16.52.41:892][743]LogRenderer: Reallocating scene render targets to support 1208x924 Format 10 NumSamples 1 (Frame:13568).
[2019.04.14-16.52.57:482][354]LogEditorViewport: Clicking on Actor (LMB): BP_Sky_Sphere_C (Sky Sphere)
[2019.04.14-16.53.05:242][257]LogSlate: FSceneViewport::OnFocusLost() reason 0
[2019.04.14-16.53.15:915][504]LogSlate: FSceneViewport::OnFocusLost() reason 2
[2019.04.14-16.53.15:918][504]LogSlate: Window 'Content Browser' being destroyed
[2019.04.14-16.53.18:821][847]LogSlate: Window 'Content Browser' being destroyed
[2019.04.14-16.53.20:768][ 75]LogSlate: FSceneViewport::OnFocusLost() reason 0
[2019.04.14-16.53.42:296][499]LogSlate: Took 0.017178 seconds to synchronously load lazily loaded font '../../../Engine/Content/Slate/Fonts/Roboto-Italic.ttf' (157K)
[2019.04.14-16.54.19:750][632]LogSlate: Window 'Reset UI Layout' being destroyed
[2019.04.14-16.54.19:813][633]Cmd: CLOSE_SLATE_MAINFRAME
[2019.04.14-16.54.19:834][633]LogUObjectHash: Compacting FUObjectHashTables data took   0.68ms
[2019.04.14-16.54.19:877][633]LogSlate: Window 'BuildingEscape - Unreal Editor' being destroyed
[2019.04.14-16.54.20:325][634]Cmd: QUIT_EDITOR
[2019.04.14-16.54.21:804][634]LogWindowsTextInputMethodSystem: Display: IME system now deactivated.
[2019.04.14-16.54.21:873][634]LogExit: Preparing to exit.
[2019.04.14-16.54.23:882][634]LogExit: Editor shut down
[2019.04.14-16.54.23:882][634]LogExit: Transaction tracking system shut down
[2019.04.14-16.54.28:151][634]LogExit: Object subsystem successfully closed.
[2019.04.14-16.54.28:585][634]LogShaderCompilers: Display: Shaders left to compile 0
[2019.04.14-16.54.28:643][634]LogD3D11RHI: Shutdown
[2019.04.14-16.54.28:643][634]LogD3D11RHI: CleanupD3DDevice
[2019.04.14-16.54.28:757][634]LogRendererCore: FGlobalReadBuffer::ReleaseRHI
[2019.04.14-16.54.28:757][634]LogRendererCore: FGlobalDynamicReadBuffer::Cleanup()
[2019.04.14-16.54.28:793][634]LogRendererCore: FGlobalReadBuffer::ReleaseRHI
[2019.04.14-16.54.28:793][634]LogRendererCore: FGlobalDynamicReadBuffer::Cleanup()
[2019.04.14-16.54.28:793][634]LogRendererCore: FGlobalReadBuffer::ReleaseRHI
[2019.04.14-16.54.28:793][634]LogRendererCore: FGlobalDynamicReadBuffer::Cleanup()
[2019.04.14-16.54.28:903][634]LogD3D11RHI: ~FD3D11DynamicRHI
[2019.04.14-16.54.30:982][634]LogModuleManager: Shutting down and abandoning module ExternalImagePicker (652)
[2019.04.14-16.54.30:982][634]LogModuleManager: Shutting down and abandoning module HierarchicalLODUtilities (650)
[2019.04.14-16.54.30:991][634]LogModuleManager: Shutting down and abandoning module NewLevelDialog (648)
[2019.04.14-16.54.30:991][634]LogModuleManager: Shutting down and abandoning module HierarchicalLODOutliner (646)
[2019.04.14-16.54.30:991][634]LogModuleManager: Shutting down and abandoning module SceneOutliner (644)
[2019.04.14-16.54.30:991][634]LogModuleManager: Shutting down and abandoning module AddContentDialog (642)
[2019.04.14-16.54.31:157][634]LogModuleManager: Shutting down and abandoning module WidgetCarousel (641)
[2019.04.14-16.54.31:157][634]LogModuleManager: Shutting down and abandoning module EditorWidgets (638)
[2019.04.14-16.54.31:157][634]LogModuleManager: Shutting down and abandoning module CollectionManager (636)
[2019.04.14-16.54.31:183][634]LogModuleManager: Shutting down and abandoning module MeshBuilder (634)
[2019.04.14-16.54.31:183][634]LogModuleManager: Shutting down and abandoning module StatsViewer (632)
[2019.04.14-16.54.31:230][634]LogModuleManager: Shutting down and abandoning module FoliageEdit (630)
[2019.04.14-16.54.31:242][634]LogModuleManager: Shutting down and abandoning module LandscapeEditor (628)
[2019.04.14-16.54.31:302][634]LogModuleManager: Shutting down and abandoning module MeshPaintMode (626)
[2019.04.14-16.54.31:328][634]LogModuleManager: Shutting down and abandoning module SceneDepthPickerMode (624)
[2019.04.14-16.54.31:328][634]LogModuleManager: Shutting down and abandoning module ActorPickerMode (622)
[2019.04.14-16.54.31:328][634]LogModuleManager: Shutting down and abandoning module GeometryMode (620)
[2019.04.14-16.54.31:328][634]LogModuleManager: Shutting down and abandoning module TextureAlignMode (618)
[2019.04.14-16.54.31:328][634]LogModuleManager: Shutting down and abandoning module BspMode (616)
[2019.04.14-16.54.31:340][634]LogModuleManager: Shutting down and abandoning module PIEPreviewDeviceProfileSelector (614)
[2019.04.14-16.54.31:424][634]LogModuleManager: Shutting down and abandoning module SequenceRecorderSections (612)
[2019.04.14-16.54.31:444][634]LogModuleManager: Shutting down and abandoning module AutomationWorker (610)
[2019.04.14-16.54.31:466][634]LogModuleManager: Shutting down and abandoning module OculusMR (608)
[2019.04.14-16.54.31:466][634]LogModuleManager: Shutting down and abandoning module AudioCaptureEditor (606)
[2019.04.14-16.54.31:473][634]LogModuleManager: Shutting down and abandoning module MatineeToLevelSequence (604)
[2019.04.14-16.54.31:495][634]LogModuleManager: Shutting down and abandoning module LevelSequenceEditor (602)
[2019.04.14-16.54.31:534][634]LogModuleManager: Shutting down and abandoning module PlacementMode (601)
[2019.04.14-16.54.31:534][634]LogModuleManager: Shutting down and abandoning module MaterialEditor (600)
[2019.04.14-16.54.31:604][634]LogModuleManager: Shutting down and abandoning module ActorSequenceEditor (596)
[2019.04.14-16.54.31:661][634]LogModuleManager: Shutting down and abandoning module WmfMediaFactory (594)
[2019.04.14-16.54.31:661][634]LogModuleManager: Shutting down and abandoning module WmfMediaEditor (592)
[2019.04.14-16.54.31:661][634]LogModuleManager: Shutting down and abandoning module WebMMediaFactory (590)
[2019.04.14-16.54.31:661][634]LogModuleManager: Shutting down and abandoning module WebMMediaEditor (588)
[2019.04.14-16.54.31:661][634]LogModuleManager: Shutting down and abandoning module WebMMedia (586)
[2019.04.14-16.54.31:685][634]LogModuleManager: Shutting down and abandoning module MediaPlayerEditor (584)
[2019.04.14-16.54.31:719][634]LogModuleManager: Shutting down and abandoning module MediaCompositingEditor (582)
[2019.04.14-16.54.31:744][634]LogModuleManager: Shutting down and abandoning module SequenceRecorder (581)
[2019.04.14-16.54.31:744][634]LogModuleManager: Shutting down and abandoning module OpenExrWrapper (578)
[2019.04.14-16.54.31:744][634]LogModuleManager: Shutting down and abandoning module ImgMediaFactory (576)
[2019.04.14-16.54.31:745][634]LogModuleManager: Shutting down and abandoning module ImgMediaEditor (574)
[2019.04.14-16.54.31:745][634]LogModuleManager: Shutting down and abandoning module AvfMediaFactory (572)
[2019.04.14-16.54.31:745][634]LogModuleManager: Shutting down and abandoning module AvfMediaEditor (570)
[2019.04.14-16.54.31:745][634]LogModuleManager: Shutting down and abandoning module AndroidMediaFactory (568)
[2019.04.14-16.54.31:745][634]LogModuleManager: Shutting down and abandoning module AndroidMediaEditor (566)
[2019.04.14-16.54.31:745][634]LogModuleManager: Shutting down and abandoning module MagicLeapCameraPreviewFactory (564)
[2019.04.14-16.54.31:745][634]LogModuleManager: Shutting down and abandoning module MagicLeapMediaCodecFactory (562)
[2019.04.14-16.54.31:745][634]LogModuleManager: Shutting down and abandoning module MagicLeapMediaFactory (560)
[2019.04.14-16.54.31:745][634]LogModuleManager: Shutting down and abandoning module MagicLeapMediaEditor (558)
[2019.04.14-16.54.31:745][634]LogModuleManager: Shutting down and abandoning module CharacterAI (556)
[2019.04.14-16.54.31:745][634]LogModuleManager: Shutting down and abandoning module SmartSnapping (554)
[2019.04.14-16.54.31:745][634]LogModuleManager: Shutting down and abandoning module SessionServices (552)
[2019.04.14-16.54.31:745][634]LogModuleManager: Shutting down and abandoning module MeshPaint (550)
[2019.04.14-16.54.31:777][634]LogModuleManager: Shutting down and abandoning module ViewportSnapping (548)
[2019.04.14-16.54.31:778][634]LogModuleManager: Shutting down and abandoning module ViewportInteraction (546)
[2019.04.14-16.54.31:778][634]LogModuleManager: Shutting down and abandoning module ClothPainter (544)
[2019.04.14-16.54.31:812][634]LogModuleManager: Shutting down and abandoning module SkeletalMeshEditor (543)
[2019.04.14-16.54.31:850][634]LogModuleManager: Shutting down and abandoning module LogVisualizer (540)
[2019.04.14-16.54.31:930][634]LogModuleManager: Shutting down and abandoning module IntroTutorials (538)
[2019.04.14-16.54.32:008][634]LogModuleManager: Shutting down and abandoning module GameProjectGeneration (537)
[2019.04.14-16.54.32:082][634]LogModuleManager: Shutting down and abandoning module LuminPlatformEditor (534)
[2019.04.14-16.54.32:082][634]LogModuleManager: Shutting down and abandoning module IOSPlatformEditor (532)
[2019.04.14-16.54.32:082][634]LogModuleManager: Shutting down and abandoning module HTML5PlatformEditor (530)
[2019.04.14-16.54.32:082][634]LogModuleManager: Shutting down and abandoning module AndroidPlatformEditor (528)
[2019.04.14-16.54.32:082][634]LogModuleManager: Shutting down and abandoning module AndroidDeviceDetection (527)
[2019.04.14-16.54.32:419][634]LogModuleManager: Shutting down and abandoning module WindowsPlatformEditor (524)
[2019.04.14-16.54.32:419][634]LogModuleManager: Shutting down and abandoning module LuminRuntimeSettings (522)
[2019.04.14-16.54.32:420][634]LogModuleManager: Shutting down and abandoning module IOSRuntimeSettings (520)
[2019.04.14-16.54.32:420][634]LogModuleManager: Shutting down and abandoning module AndroidRuntimeSettings (518)
[2019.04.14-16.54.32:420][634]LogModuleManager: Shutting down and abandoning module TimeManagementEditor (516)
[2019.04.14-16.54.32:420][634]LogModuleManager: Shutting down and abandoning module InputBindingEditor (514)
[2019.04.14-16.54.32:430][634]LogModuleManager: Shutting down and abandoning module MergeActors (512)
[2019.04.14-16.54.32:502][634]LogModuleManager: Shutting down and abandoning module LocalizationDashboard (510)
[2019.04.14-16.54.32:543][634]LogModuleManager: Shutting down and abandoning module LocalizationService (509)
[2019.04.14-16.54.32:567][634]LogModuleManager: Shutting down and abandoning module HardwareTargeting (506)
[2019.04.14-16.54.32:567][634]LogModuleManager: Shutting down and abandoning module DeviceProfileEditor (504)
[2019.04.14-16.54.32:590][634]LogModuleManager: Shutting down and abandoning module UndoHistory (502)
[2019.04.14-16.54.32:679][634]LogModuleManager: Shutting down and abandoning module XmlParser (500)
[2019.04.14-16.54.32:688][634]LogModuleManager: Shutting down and abandoning module Blutility (498)
[2019.04.14-16.54.32:693][634]LogModuleManager: Shutting down and abandoning module ProjectSettingsViewer (496)
[2019.04.14-16.54.32:693][634]LogModuleManager: Shutting down and abandoning module ProjectTargetPlatformEditor (495)
[2019.04.14-16.54.32:693][634]LogModuleManager: Shutting down and abandoning module EditorSettingsViewer (492)
[2019.04.14-16.54.32:693][634]LogModuleManager: Shutting down and abandoning module SettingsEditor (490)
[2019.04.14-16.54.32:702][634]LogModuleManager: Shutting down and abandoning module ProjectLauncher (488)
[2019.04.14-16.54.32:769][634]LogModuleManager: Shutting down and abandoning module SessionFrontend (486)
[2019.04.14-16.54.32:785][634]LogModuleManager: Shutting down and abandoning module ProfilerClient (484)
[2019.04.14-16.54.32:801][634]LogModuleManager: Shutting down and abandoning module DeviceManager (482)
[2019.04.14-16.54.32:823][634]LogModuleManager: Shutting down and abandoning module TargetDeviceServices (481)
[2019.04.14-16.54.32:912][634]LogModuleManager: Shutting down and abandoning module AutomationController (478)
[2019.04.14-16.54.32:926][634]LogModuleManager: Shutting down and abandoning module AutomationWindow (476)
[2019.04.14-16.54.32:959][634]LogModuleManager: Shutting down and abandoning module Layers (474)
[2019.04.14-16.54.33:030][634]LogModuleManager: Shutting down and abandoning module ComponentVisualizers (472)
[2019.04.14-16.54.33:030][634]LogModuleManager: Shutting down and abandoning module DetailCustomizations (470)
[2019.04.14-16.54.33:044][634]LogModuleManager: Shutting down and abandoning module PackagesDialog (468)
[2019.04.14-16.54.33:044][634]LogModuleManager: Shutting down and abandoning module AnimationBlueprintEditor (466)
[2019.04.14-16.54.33:132][634]LogModuleManager: Shutting down and abandoning module Persona (464)
[2019.04.14-16.54.33:169][634]LogModuleManager: Shutting down and abandoning module AdvancedPreviewScene (463)
[2019.04.14-16.54.33:169][634]LogModuleManager: Shutting down and abandoning module AnimGraph (461)
[2019.04.14-16.54.33:169][634]LogModuleManager: Shutting down and abandoning module Kismet (458)
[2019.04.14-16.54.33:231][634]LogModuleManager: Shutting down and abandoning module GraphEditor (456)
[2019.04.14-16.54.33:294][634]LogModuleManager: Shutting down and abandoning module ClassViewer (454)
[2019.04.14-16.54.33:294][634]LogModuleManager: Shutting down and abandoning module Toolbox (452)
[2019.04.14-16.54.33:294][634]LogModuleManager: Shutting down and abandoning module DesktopPlatform (451)
[2019.04.14-16.54.33:318][634]LogModuleManager: Shutting down and abandoning module ModuleUI (448)
[2019.04.14-16.54.33:335][634]LogModuleManager: Shutting down and abandoning module MovieSceneTools (446)
[2019.04.14-16.54.33:335][634]LogModuleManager: Shutting down and abandoning module OutputLog (444)
[2019.04.14-16.54.33:335][634]LogModuleManager: Shutting down and abandoning module GammaUI (442)
[2019.04.14-16.54.33:343][634]LogModuleManager: Shutting down and abandoning module Documentation (440)
[2019.04.14-16.54.33:343][634]LogModuleManager: Shutting down and abandoning module LiveCoding (438)
[2019.04.14-16.54.33:400][634]LogModuleManager: Shutting down and abandoning module LevelSequence (436)
[2019.04.14-16.54.33:400][634]LogModuleManager: Shutting down and abandoning module MovieSceneTracks (434)
[2019.04.14-16.54.33:400][634]LogModuleManager: Shutting down and abandoning module MovieScene (432)
[2019.04.14-16.54.33:429][634]LogModuleManager: Shutting down and abandoning module StreamingPauseRendering (430)
[2019.04.14-16.54.33:451][634]LogModuleManager: Shutting down and abandoning module LauncherPlatform (428)
[2019.04.14-16.54.33:451][634]LogModuleManager: Shutting down and abandoning module AnalyticsET (426)
[2019.04.14-16.54.33:451][634]LogModuleManager: Shutting down and abandoning module PortalServices (424)
[2019.04.14-16.54.33:451][634]LogModuleManager: Shutting down and abandoning module PortalRpc (422)
[2019.04.14-16.54.33:451][634]LogModuleManager: Shutting down and abandoning module MessagingRpc (420)
[2019.04.14-16.54.33:451][634]LogModuleManager: Shutting down and abandoning module AIModule (418)
[2019.04.14-16.54.33:471][634]LogModuleManager: Shutting down and abandoning module GameplayDebugger (417)
[2019.04.14-16.54.33:496][634]LogModuleManager: Shutting down and abandoning module AITestSuite (415)
[2019.04.14-16.54.33:516][634]LogModuleManager: Shutting down and abandoning module NavigationSystem (413)
[2019.04.14-16.54.33:516][634]LogModuleManager: Shutting down and abandoning module ImageWriteQueue (410)
[2019.04.14-16.54.33:524][634]LogModuleManager: Shutting down and abandoning module ProfilerService (408)
[2019.04.14-16.54.33:613][634]LogModuleManager: Shutting down and abandoning module TaskGraph (406)
[2019.04.14-16.54.33:712][634]LogModuleManager: Shutting down and abandoning module SteamVRController (404)
[2019.04.14-16.54.33:713][634]LogModuleManager: Shutting down and abandoning module ProceduralMeshComponentEditor (402)
[2019.04.14-16.54.33:734][634]LogModuleManager: Shutting down and abandoning module ProceduralMeshComponent (400)
[2019.04.14-16.54.33:737][634]LogModuleManager: Shutting down and abandoning module OculusEditor (398)
[2019.04.14-16.54.33:755][634]LogModuleManager: Shutting down and abandoning module OculusInput (396)
[2019.04.14-16.54.33:755][634]LogModuleManager: Shutting down and abandoning module MobilePatchingUtils (394)
[2019.04.14-16.54.33:755][634]LogModuleManager: Shutting down and abandoning module EditableMesh (392)
[2019.04.14-16.54.33:765][634]LogModuleManager: Shutting down and abandoning module CustomMeshComponent (390)
[2019.04.14-16.54.33:765][634]LogModuleManager: Shutting down and abandoning module CableComponent (388)
[2019.04.14-16.54.33:773][634]LogModuleManager: Shutting down and abandoning module AudioCapture (386)
[2019.04.14-16.54.33:773][634]LogModuleManager: Shutting down and abandoning module ArchVisCharacter (384)
[2019.04.14-16.54.33:773][634]LogModuleManager: Shutting down and abandoning module AndroidPermission (382)
[2019.04.14-16.54.33:773][634]LogModuleManager: Shutting down and abandoning module NUTUnrealEngine4 (380)
[2019.04.14-16.54.33:776][634]LogModuleManager: Shutting down and abandoning module NetcodeUnitTest (378)
[2019.04.14-16.54.33:792][634]LogModuleManager: Shutting down and abandoning module MediaCompositing (376)
[2019.04.14-16.54.33:792][634]LogModuleManager: Shutting down and abandoning module LinearTimecode (374)
[2019.04.14-16.54.33:792][634]LogModuleManager: Shutting down and abandoning module ImgMedia (372)
[2019.04.14-16.54.33:792][634]LogModuleManager: Shutting down and abandoning module MagicLeapHelperVulkan (370)
[2019.04.14-16.54.33:792][634]LogModuleManager: Shutting down and abandoning module MagicLeapHelperOpenGL (368)
[2019.04.14-16.54.33:802][634]LogModuleManager: Shutting down and abandoning module MagicLeapAudio (366)
[2019.04.14-16.54.33:811][634]LogModuleManager: Shutting down and abandoning module HTML5Networking (364)
[2019.04.14-16.54.33:811][634]LogModuleManager: Shutting down and abandoning module GeometryCacheTracks (362)
[2019.04.14-16.54.33:811][634]LogModuleManager: Shutting down and abandoning module GeometryCacheSequencer (360)
[2019.04.14-16.54.33:811][634]LogModuleManager: Shutting down and abandoning module BackChannel (358)
[2019.04.14-16.54.33:819][634]LogModuleManager: Shutting down and abandoning module AppleVision (356)
[2019.04.14-16.54.33:819][634]LogModuleManager: Shutting down and abandoning module AppleImageUtilsBlueprintSupport (354)
[2019.04.14-16.54.33:819][634]LogModuleManager: Shutting down and abandoning module AppleImageUtils (352)
[2019.04.14-16.54.33:819][634]LogModuleManager: Shutting down and abandoning module AlembicImporter (350)
[2019.04.14-16.54.33:819][634]LogModuleManager: Shutting down and abandoning module AlembicLibrary (349)
[2019.04.14-16.54.33:819][634]LogModuleManager: Shutting down and abandoning module GeometryCache (348)
[2019.04.14-16.54.33:819][634]LogModuleManager: Shutting down and abandoning module GeometryCacheEd (347)
[2019.04.14-16.54.33:819][634]LogModuleManager: Shutting down and abandoning module VariantManagerContent (342)
[2019.04.14-16.54.33:819][634]LogModuleManager: Shutting down and abandoning module DatasmithContentEditor (340)
[2019.04.14-16.54.33:825][634]LogModuleManager: Shutting down and abandoning module SpeedTreeImporter (338)
[2019.04.14-16.54.33:825][634]LogModuleManager: Shutting down and abandoning module PluginBrowser (336)
[2019.04.14-16.54.33:850][634]LogModuleManager: Shutting down and abandoning module MobileLauncherProfileWizard (334)
[2019.04.14-16.54.33:890][634]LogModuleManager: Shutting down and abandoning module MaterialAnalyzer (332)
[2019.04.14-16.54.33:910][634]LogModuleManager: Shutting down and abandoning module CryptoKeysOpenSSL (330)
[2019.04.14-16.54.33:910][634]LogModuleManager: Shutting down and abandoning module CryptoKeys (328)
[2019.04.14-16.54.33:910][634]LogModuleManager: Shutting down and abandoning module VisualStudioSourceCodeAccess (326)
[2019.04.14-16.54.33:919][634]LogModuleManager: Shutting down and abandoning module VisualStudioCodeSourceCodeAccess (324)
[2019.04.14-16.54.33:919][634]LogModuleManager: Shutting down and abandoning module UObjectPlugin (322)
[2019.04.14-16.54.33:919][634]LogModuleManager: Shutting down and abandoning module SubversionSourceControl (320)
[2019.04.14-16.54.33:999][634]LogModuleManager: Shutting down and abandoning module PerforceSourceControl (318)
[2019.04.14-16.54.34:049][634]LogModuleManager: Shutting down and abandoning module GitSourceControl (316)
[2019.04.14-16.54.34:074][634]LogModuleManager: Shutting down and abandoning module SourceControl (315)
[2019.04.14-16.54.34:089][634]LogModuleManager: Shutting down and abandoning module CLionSourceCodeAccess (312)
[2019.04.14-16.54.34:089][634]LogModuleManager: Shutting down and abandoning module AnimationSharingEd (310)
[2019.04.14-16.54.34:089][634]LogModuleManager: Shutting down and abandoning module ActorLayerUtilitiesEditor (308)
[2019.04.14-16.54.34:089][634]LogModuleManager: Shutting down and abandoning module ActorLayerUtilities (306)
[2019.04.14-16.54.34:089][634]LogModuleManager: Shutting down and abandoning module LightPropagationVolumeEditor (304)
[2019.04.14-16.54.34:089][634]LogModuleManager: Shutting down and abandoning module PaperTiledImporter (302)
[2019.04.14-16.54.34:089][634]LogModuleManager: Shutting down and abandoning module PaperSpriteSheetImporter (300)
[2019.04.14-16.54.34:089][634]LogModuleManager: Shutting down and abandoning module Paper2DEditor (298)
[2019.04.14-16.54.34:211][634]LogModuleManager: Shutting down and abandoning module BuildingEscape (296)
[2019.04.14-16.54.34:211][634]LogModuleManager: Shutting down and abandoning module SignificanceManager (294)
[2019.04.14-16.54.34:211][634]LogModuleManager: Shutting down and abandoning module RuntimePhysXCooking (292)
[2019.04.14-16.54.34:211][634]LogModuleManager: Shutting down and abandoning module PhysXVehiclesEditor (290)
[2019.04.14-16.54.34:211][634]LogModuleManager: Shutting down and abandoning module PhysXVehicles (288)
[2019.04.14-16.54.34:211][634]LogModuleManager: Shutting down and abandoning module LocationServicesBPLibrary (286)
[2019.04.14-16.54.34:211][634]LogModuleManager: Shutting down and abandoning module ActorSequence (284)
[2019.04.14-16.54.34:211][634]LogModuleManager: Shutting down and abandoning module UdpMessaging (282)
[2019.04.14-16.54.34:314][634]LogModuleManager: Shutting down and abandoning module TcpMessaging (280)
[2019.04.14-16.54.34:431][634]LogModuleManager: Shutting down and abandoning module MagicLeapIdentity (278)
[2019.04.14-16.54.34:431][634]LogModuleManager: Shutting down and abandoning module MagicLeapSecureStorage (276)
[2019.04.14-16.54.34:431][634]LogModuleManager: Shutting down and abandoning module MagicLeapHandTracking (274)
[2019.04.14-16.54.34:451][634]LogModuleManager: Shutting down and abandoning module MagicLeapEyeTracker (272)
[2019.04.14-16.54.34:451][634]LogModuleManager: Shutting down and abandoning module MagicLeapController (270)
[2019.04.14-16.54.34:468][634]LogSlate: Slate User Destroyed.  User Index 0, Is Virtual User: 0
[2019.04.14-16.54.34:468][634]LogModuleManager: Shutting down and abandoning module MagicLeapAR (268)
[2019.04.14-16.54.34:468][634]LogModuleManager: Shutting down and abandoning module AugmentedReality (267)
[2019.04.14-16.54.34:468][634]LogModuleManager: Shutting down and abandoning module GameplayTagsEditor (264)
[2019.04.14-16.54.34:468][634]LogModuleManager: Shutting down and abandoning module FacialAnimationEditor (262)
[2019.04.14-16.54.34:468][634]LogModuleManager: Shutting down and abandoning module FacialAnimation (260)
[2019.04.14-16.54.34:468][634]LogModuleManager: Shutting down and abandoning module DataValidation (258)
[2019.04.14-16.54.34:468][634]LogModuleManager: Shutting down and abandoning module AssetManagerEditor (256)
[2019.04.14-16.54.34:484][634]LogModuleManager: Shutting down and abandoning module LevelEditor (255)
[2019.04.14-16.54.34:496][634]LogModuleManager: Shutting down and abandoning module PixelInspectorModule (254)
[2019.04.14-16.54.34:514][634]LogModuleManager: Shutting down and abandoning module CommonMenuExtensions (252)
[2019.04.14-16.54.34:514][634]LogModuleManager: Shutting down and abandoning module MainFrame (250)
[2019.04.14-16.54.34:514][634]LogModuleManager: Shutting down and abandoning module HotReload (249)
[2019.04.14-16.54.34:521][634]LogModuleManager: Shutting down and abandoning module ContentBrowser (245)
[2019.04.14-16.54.34:523][634]LogModuleManager: Shutting down and abandoning module TreeMap (243)
[2019.04.14-16.54.34:540][634]LogModuleManager: Shutting down and abandoning module AnimationSharing (240)
[2019.04.14-16.54.34:540][634]LogModuleManager: Shutting down and abandoning module LightPropagationVolumeRuntime (238)
[2019.04.14-16.54.34:540][634]LogModuleManager: Shutting down and abandoning module AISupportModule (236)
[2019.04.14-16.54.34:540][634]LogModuleManager: Shutting down and abandoning module Paper2D (234)
[2019.04.14-16.54.34:566][634]LogModuleManager: Shutting down and abandoning module WindowsMoviePlayer (232)
[2019.04.14-16.54.34:585][634]LogModuleManager: Shutting down and abandoning module WebMMoviePlayer (230)
[2019.04.14-16.54.34:589][634]LogModuleManager: Shutting down and abandoning module PacketHandler (228)
[2019.04.14-16.54.34:589][634]LogModuleManager: Shutting down and abandoning module ClothingSystemEditor (226)
[2019.04.14-16.54.34:589][634]LogModuleManager: Shutting down and abandoning module ClothingSystemRuntime (224)
[2019.04.14-16.54.34:651][634]LogModuleManager: Shutting down and abandoning module MediaAssets (222)
[2019.04.14-16.54.34:651][634]LogModuleManager: Shutting down and abandoning module Overlay (220)
[2019.04.14-16.54.34:651][634]LogModuleManager: Shutting down and abandoning module OverlayEditor (219)
[2019.04.14-16.54.34:651][634]LogModuleManager: Shutting down and abandoning module VREditor (216)
[2019.04.14-16.54.34:671][634]LogModuleManager: Shutting down and abandoning module StringTableEditor (214)
[2019.04.14-16.54.34:711][634]LogModuleManager: Shutting down and abandoning module GameplayTasksEditor (212)
[2019.04.14-16.54.34:711][634]LogModuleManager: Shutting down and abandoning module BehaviorTreeEditor (210)
[2019.04.14-16.54.34:757][634]LogModuleManager: Shutting down and abandoning module FunctionalTesting (208)
[2019.04.14-16.54.34:771][634]LogModuleManager: Shutting down and abandoning module CollisionAnalyzer (206)
[2019.04.14-16.54.34:791][634]LogModuleManager: Shutting down and abandoning module WorkspaceMenuStructure (205)
[2019.04.14-16.54.34:791][634]LogModuleManager: Shutting down and abandoning module UMG (202)
[2019.04.14-16.54.34:801][634]LogModuleManager: Shutting down and abandoning module UMGEditor (201)
[2019.04.14-16.54.34:817][634]LogModuleManager: Shutting down and abandoning module Sequencer (200)
[2019.04.14-16.54.34:938][634]LogModuleManager: Shutting down and abandoning module MessageLog (197)
[2019.04.14-16.54.34:938][634]LogModuleManager: Shutting down and abandoning module SlateReflector (192)
[2019.04.14-16.54.35:019][634]LogModuleManager: Shutting down and abandoning module Slate (190)
[2019.04.14-16.54.35:019][634]LogModuleManager: Shutting down and abandoning module EditorStyle (188)
[2019.04.14-16.54.35:020][634]LogModuleManager: Shutting down and abandoning module UnrealEd (186)
[2019.04.14-16.54.35:045][634]LogModuleManager: Shutting down and abandoning module MRMesh (184)
[2019.04.14-16.54.35:045][634]LogModuleManager: Shutting down and abandoning module SourceCodeAccess (182)
[2019.04.14-16.54.35:045][634]LogModuleManager: Shutting down and abandoning module HeadMountedDisplay (180)
[2019.04.14-16.54.35:045][634]LogModuleManager: Shutting down and abandoning module XAudio2 (178)
[2019.04.14-16.54.35:045][634]LogModuleManager: Shutting down and abandoning module Networking (176)
[2019.04.14-16.54.35:045][634]LogModuleManager: Shutting down and abandoning module Core (174)
[2019.04.14-16.54.35:045][634]LogModuleManager: Shutting down and abandoning module KismetCompiler (172)
[2019.04.14-16.54.35:046][634]LogModuleManager: Shutting down and abandoning module MeshUtilities (170)
[2019.04.14-16.54.35:046][634]LogModuleManager: Shutting down and abandoning module MeshMergeUtilities (169)
[2019.04.14-16.54.35:074][634]LogModuleManager: Shutting down and abandoning module MeshReductionInterface (168)
[2019.04.14-16.54.35:074][634]LogModuleManager: Shutting down and abandoning module SkeletalMeshReduction (167)
[2019.04.14-16.54.35:105][634]LogModuleManager: Shutting down and abandoning module ProxyLODMeshReduction (165)
[2019.04.14-16.54.35:193][634]LogModuleManager: Shutting down and abandoning module QuadricMeshReduction (163)
[2019.04.14-16.54.35:214][634]LogModuleManager: Shutting down and abandoning module MaterialBaking (159)
[2019.04.14-16.54.35:234][634]LogModuleManager: Shutting down and abandoning module DerivedDataCache (154)
[2019.04.14-16.54.35:278][634]LogDerivedDataCache: Shutdown
[2019.04.14-16.54.35:278][634]LogModuleManager: Shutting down and abandoning module XGEController (152)
[2019.04.14-16.54.35:278][634]LogXGEController: Cleaning working directory: C:/Users/Finnx/AppData/Local/Temp/UnrealXGEWorkingDir/
[2019.04.14-16.54.35:297][634]LogModuleManager: Shutting down and abandoning module TargetPlatform (150)
[2019.04.14-16.54.35:314][634]LogModuleManager: Shutting down and abandoning module VulkanShaderFormat (149)
[2019.04.14-16.54.35:339][634]LogModuleManager: Shutting down and abandoning module ShaderFormatVectorVM (147)
[2019.04.14-16.54.35:361][634]LogModuleManager: Shutting down and abandoning module ShaderFormatOpenGL (145)
[2019.04.14-16.54.35:409][634]LogModuleManager: Shutting down and abandoning module ShaderFormatD3D (143)
[2019.04.14-16.54.35:414][634]LogModuleManager: Shutting down and abandoning module MetalShaderFormat (141)
[2019.04.14-16.54.35:441][634]LogModuleManager: Shutting down and abandoning module TextureFormatUncompressed (139)
[2019.04.14-16.54.35:441][634]LogModuleManager: Shutting down and abandoning module TextureFormatPVR (137)
[2019.04.14-16.54.35:441][634]LogModuleManager: Shutting down and abandoning module TextureFormatDXT (135)
[2019.04.14-16.54.35:450][634]LogModuleManager: Shutting down and abandoning module TextureFormatIntelISPCTexComp (133)
[2019.04.14-16.54.35:458][634]LogModuleManager: Shutting down and abandoning module TextureFormatASTC (131)
[2019.04.14-16.54.35:458][634]LogModuleManager: Shutting down and abandoning module ImageWrapper (130)
[2019.04.14-16.54.35:458][634]LogModuleManager: Shutting down and abandoning module TextureFormatAndroid (127)
[2019.04.14-16.54.35:458][634]LogModuleManager: Shutting down and abandoning module AudioFormatOpus (125)
[2019.04.14-16.54.35:482][634]LogModuleManager: Shutting down and abandoning module AudioFormatOgg (123)
[2019.04.14-16.54.35:482][634]LogModuleManager: Shutting down and abandoning module AudioFormatADPCM (121)
[2019.04.14-16.54.35:487][634]LogModuleManager: Shutting down and abandoning module LuminTargetPlatform (119)
[2019.04.14-16.54.35:505][634]LogModuleManager: Shutting down and abandoning module LinuxTargetPlatform (117)
[2019.04.14-16.54.35:505][634]LogModuleManager: Shutting down and abandoning module LinuxServerTargetPlatform (115)
[2019.04.14-16.54.35:534][634]LogModuleManager: Shutting down and abandoning module LinuxNoEditorTargetPlatform (113)
[2019.04.14-16.54.35:541][634]LogModuleManager: Shutting down and abandoning module LinuxClientTargetPlatform (111)
[2019.04.14-16.54.35:543][634]LogModuleManager: Shutting down and abandoning module TVOSTargetPlatform (109)
[2019.04.14-16.54.35:544][634]LogModuleManager: Shutting down and abandoning module Messaging (107)
[2019.04.14-16.54.35:544][634]LogModuleManager: Shutting down and abandoning module IOSTargetPlatform (105)
[2019.04.14-16.54.35:545][634]LogModuleManager: Shutting down and abandoning module HTML5TargetPlatform (103)
[2019.04.14-16.54.35:545][634]LogModuleManager: Shutting down and abandoning module AndroidTargetPlatform (101)
[2019.04.14-16.54.35:550][634]LogModuleManager: Shutting down and abandoning module WindowsTargetPlatform (99)
[2019.04.14-16.54.35:550][634]LogModuleManager: Shutting down and abandoning module WindowsServerTargetPlatform (97)
[2019.04.14-16.54.35:550][634]LogModuleManager: Shutting down and abandoning module WindowsNoEditorTargetPlatform (95)
[2019.04.14-16.54.35:550][634]LogModuleManager: Shutting down and abandoning module WindowsClientTargetPlatform (93)
[2019.04.14-16.54.35:550][634]LogModuleManager: Shutting down and abandoning module MacTargetPlatform (91)
[2019.04.14-16.54.35:550][634]LogModuleManager: Shutting down and abandoning module MacServerTargetPlatform (89)
[2019.04.14-16.54.35:550][634]LogModuleManager: Shutting down and abandoning module MacNoEditorTargetPlatform (87)
[2019.04.14-16.54.35:550][634]LogModuleManager: Shutting down and abandoning module MacClientTargetPlatform (85)
[2019.04.14-16.54.35:550][634]LogModuleManager: Shutting down and abandoning module AllDesktopTargetPlatform (83)
[2019.04.14-16.54.35:550][634]LogModuleManager: Shutting down and abandoning module InputCore (80)
[2019.04.14-16.54.35:550][634]LogModuleManager: Shutting down and abandoning module Settings (78)
[2019.04.14-16.54.35:550][634]LogModuleManager: Shutting down and abandoning module DirectoryWatcher (76)
[2019.04.14-16.54.35:550][634]LogModuleManager: Shutting down and abandoning module PhysXCooking (74)
[2019.04.14-16.54.35:550][634]LogModuleManager: Shutting down and abandoning module SteamVR (72)
[2019.04.14-16.54.35:561][634]LogHMD: Freeing OpenVRDLLHandle.
[2019.04.14-16.54.35:561][634]LogModuleManager: Shutting down and abandoning module OculusHMD (70)
[2019.04.14-16.54.35:564][634]LogModuleManager: Shutting down and abandoning module ExampleDeviceProfileSelector (68)
[2019.04.14-16.54.35:564][634]LogModuleManager: Shutting down and abandoning module LauncherChunkInstaller (66)
[2019.04.14-16.54.35:564][634]LogModuleManager: Shutting down and abandoning module OnlineBlueprintSupport (64)
[2019.04.14-16.54.35:564][634]LogModuleManager: Shutting down and abandoning module OnlineSubsystem (60)
[2019.04.14-16.54.35:667][634]LogModuleManager: Shutting down and abandoning module XMPP (55)
[2019.04.14-16.54.35:702][634]LogModuleManager: Shutting down and abandoning module WebSockets (54)
[2019.04.14-16.54.35:748][634]LogModuleManager: Shutting down and abandoning module HTTP (51)
[2019.04.14-16.54.35:748][634]LogHttp: Display: Http module shutting down, but needs to wait on 1 outstanding Http requests:
[2019.04.14-16.54.35:748][634]LogHttp: Display: 	verb=[POST] url=[https://datarouter.ol.epicgames.com/datarouter/api/v1/public/data?SessionID=%7B8BE3BCAA-4B9F-00DD-CC96-2EACCB2B457F%7D&AppID=UEEditor.Rocket.Release&AppVersion=4.22.0-5660361%2B%2B%2BUE4%2BRelease-4.22&UserID=c4a6e24f4ca361bbbc34f6b7240910fb%7Cead6c13102164ba9a3493f13bdb062a2%7C46459ed3-b9f3-418e-9c27-91fb92dd3880&AppEnvironment=datacollector-binary&UploadType=eteventstream] status=Processing
[2019.04.14-16.54.35:756][634]LogModuleManager: Shutting down and abandoning module SSL (50)
[2019.04.14-16.54.35:756][634]LogModuleManager: Shutting down and abandoning module WmfMedia (46)
[2019.04.14-16.54.35:778][634]LogModuleManager: Shutting down and abandoning module Media (45)
[2019.04.14-16.54.35:785][634]LogModuleManager: Shutting down and abandoning module MagicLeap (42)
[2019.04.14-16.54.35:799][634]LogModuleManager: Shutting down and abandoning module DatasmithContent (40)
[2019.04.14-16.54.35:799][634]LogModuleManager: Shutting down and abandoning module AnimationModifiers (38)
[2019.04.14-16.54.35:821][634]LogModuleManager: Shutting down and abandoning module PropertyEditor (37)
[2019.04.14-16.54.35:882][634]LogModuleManager: Shutting down and abandoning module AudioEditor (34)
[2019.04.14-16.54.35:945][634]LogModuleManager: Shutting down and abandoning module TextureCompressor (32)
[2019.04.14-16.54.35:945][634]LogModuleManager: Shutting down and abandoning module RenderCore (30)
[2019.04.14-16.54.35:945][634]LogModuleManager: Shutting down and abandoning module Landscape (28)
[2019.04.14-16.54.35:960][634]LogModuleManager: Shutting down and abandoning module SlateRHIRenderer (26)
[2019.04.14-16.54.35:984][634]LogModuleManager: Shutting down and abandoning module OpenGLDrv (24)
[2019.04.14-16.54.36:001][634]LogModuleManager: Shutting down and abandoning module D3D11RHI (22)
[2019.04.14-16.54.36:001][634]LogModuleManager: Shutting down and abandoning module AnimGraphRuntime (20)
[2019.04.14-16.54.36:026][634]LogModuleManager: Shutting down and abandoning module Renderer (18)
[2019.04.14-16.54.36:032][634]LogModuleManager: Shutting down and abandoning module Engine (16)
[2019.04.14-16.54.36:032][634]LogModuleManager: Shutting down and abandoning module CoreUObject (14)
[2019.04.14-16.54.36:032][634]LogModuleManager: Shutting down and abandoning module NetworkFile (12)
[2019.04.14-16.54.36:048][634]LogModuleManager: Shutting down and abandoning module CookedIterativeFile (10)
[2019.04.14-16.54.36:048][634]LogModuleManager: Shutting down and abandoning module StreamingFile (8)
[2019.04.14-16.54.36:051][634]LogModuleManager: Shutting down and abandoning module SandboxFile (6)
[2019.04.14-16.54.36:051][634]LogModuleManager: Shutting down and abandoning module PakFile (4)
[2019.04.14-16.54.36:057][634]LogModuleManager: Shutting down and abandoning module RSA (3)
[2019.04.14-16.54.36:105][634]LogExit: Exiting.
[2019.04.14-16.54.36:146][634]Log file closed, 04/14/19 12:54:36
